<?xml version="1.0" encoding="UTF-8"?>
<coverage generated="1780680645440" clover="3.2.0">
  <project timestamp="1780680645440" name="All files">
    <metrics statements="319" coveredstatements="293" conditionals="156" coveredconditionals="116" methods="56" coveredmethods="46" elements="531" coveredelements="455" complexity="0" loc="319" ncloc="319" packages="2" files="2" classes="2"/>
    <package name="components">
      <metrics statements="285" coveredstatements="259" conditionals="149" coveredconditionals="112" methods="53" coveredmethods="43"/>
      <file name="StreamingAgentClient.tsx" path="/Users/cristian.angulo/projects/nietzscheson/awa/web/packages/app/src/components/StreamingAgentClient.tsx">
        <metrics statements="285" coveredstatements="259" conditionals="149" coveredconditionals="112" methods="53" coveredmethods="43"/>
        <line num="9" count="1" type="stmt"/>
        <line num="17" count="1" type="stmt"/>
        <line num="55" count="1" type="stmt"/>
        <line num="56" count="1" type="stmt"/>
        <line num="60" count="92" type="stmt"/>
        <line num="65" count="14" type="cond" truecount="1" falsecount="0"/>
        <line num="66" count="1" type="stmt"/>
        <line num="68" count="13" type="cond" truecount="1" falsecount="1"/>
        <line num="69" count="13" type="cond" truecount="1" falsecount="1"/>
        <line num="70" count="13" type="stmt"/>
        <line num="79" count="1" type="stmt"/>
        <line num="82" count="107" type="stmt"/>
        <line num="86" count="16" type="stmt"/>
        <line num="87" count="16" type="stmt"/>
        <line num="88" count="16" type="stmt"/>
        <line num="89" count="16" type="cond" truecount="1" falsecount="0"/>
        <line num="90" count="16" type="stmt"/>
        <line num="91" count="16" type="stmt"/>
        <line num="93" count="16" type="stmt"/>
        <line num="95" count="0" type="stmt"/>
        <line num="100" count="1" type="stmt"/>
        <line num="101" count="1" type="cond" truecount="0" falsecount="1"/>
        <line num="102" count="1" type="cond" truecount="1" falsecount="0"/>
        <line num="103" count="0" type="stmt"/>
        <line num="128" count="15" type="stmt"/>
        <line num="129" count="15" type="stmt"/>
        <line num="130" count="15" type="stmt"/>
        <line num="133" count="17" type="cond" truecount="1" falsecount="0"/>
        <line num="135" count="15" type="cond" truecount="1" falsecount="1"/>
        <line num="139" count="15" type="stmt"/>
        <line num="140" count="15" type="stmt"/>
        <line num="142" count="0" type="stmt"/>
        <line num="145" count="17" type="cond" truecount="1" falsecount="0"/>
        <line num="146" count="17" type="stmt"/>
        <line num="155" count="15" type="stmt"/>
        <line num="156" count="15" type="cond" truecount="0" falsecount="1"/>
        <line num="157" count="0" type="stmt"/>
        <line num="158" count="0" type="stmt"/>
        <line num="163" count="15" type="stmt"/>
        <line num="167" count="4" type="cond" truecount="1" falsecount="1"/>
        <line num="171" count="2" type="cond" truecount="0" falsecount="1"/>
        <line num="172" count="2" type="stmt"/>
        <line num="173" count="2" type="stmt"/>
        <line num="174" count="2" type="stmt"/>
        <line num="175" count="5" type="stmt"/>
        <line num="176" count="2" type="stmt"/>
        <line num="177" count="2" type="stmt"/>
        <line num="178" count="2" type="stmt"/>
        <line num="180" count="2" type="stmt"/>
        <line num="181" count="2" type="stmt"/>
        <line num="182" count="2" type="stmt"/>
        <line num="183" count="2" type="stmt"/>
        <line num="184" count="2" type="stmt"/>
        <line num="189" count="16" type="stmt"/>
        <line num="190" count="2" type="stmt"/>
        <line num="191" count="2" type="stmt"/>
        <line num="196" count="16" type="stmt"/>
        <line num="197" count="16" type="cond" truecount="1" falsecount="1"/>
        <line num="201" count="15" type="stmt"/>
        <line num="202" count="15" type="cond" truecount="1" falsecount="0"/>
        <line num="203" count="15" type="stmt"/>
        <line num="204" count="15" type="stmt"/>
        <line num="208" count="15" type="stmt"/>
        <line num="213" count="16" type="stmt"/>
        <line num="214" count="77" type="stmt"/>
        <line num="215" count="77" type="stmt"/>
        <line num="216" count="77" type="stmt"/>
        <line num="217" count="77" type="stmt"/>
        <line num="218" count="77" type="stmt"/>
        <line num="219" count="77" type="stmt"/>
        <line num="221" count="77" type="stmt"/>
        <line num="222" count="77" type="stmt"/>
        <line num="223" count="77" type="stmt"/>
        <line num="224" count="77" type="stmt"/>
        <line num="225" count="77" type="stmt"/>
        <line num="226" count="77" type="stmt"/>
        <line num="228" count="77" type="stmt"/>
        <line num="229" count="77" type="stmt"/>
        <line num="230" count="77" type="stmt"/>
        <line num="231" count="77" type="stmt"/>
        <line num="232" count="77" type="stmt"/>
        <line num="233" count="77" type="stmt"/>
        <line num="236" count="77" type="stmt"/>
        <line num="237" count="77" type="stmt"/>
        <line num="238" count="77" type="stmt"/>
        <line num="240" count="77" type="stmt"/>
        <line num="241" count="16" type="stmt"/>
        <line num="244" count="77" type="stmt"/>
        <line num="245" count="39" type="stmt"/>
        <line num="246" count="39" type="cond" truecount="1" falsecount="0"/>
        <line num="249" count="77" type="stmt"/>
        <line num="250" count="85" type="stmt"/>
        <line num="251" count="85" type="stmt"/>
        <line num="255" count="77" type="stmt"/>
        <line num="256" count="3" type="stmt"/>
        <line num="260" count="77" type="stmt"/>
        <line num="262" count="5" type="cond" truecount="2" falsecount="0"/>
        <line num="263" count="5" type="stmt"/>
        <line num="264" count="5" type="cond" truecount="1" falsecount="0"/>
        <line num="265" count="3" type="stmt"/>
        <line num="266" count="3" type="stmt"/>
        <line num="267" count="3" type="stmt"/>
        <line num="268" count="3" type="stmt"/>
        <line num="269" count="3" type="stmt"/>
        <line num="271" count="2" type="stmt"/>
        <line num="272" count="2" type="stmt"/>
        <line num="273" count="2" type="stmt"/>
        <line num="274" count="2" type="cond" truecount="1" falsecount="1"/>
        <line num="283" count="77" type="stmt"/>
        <line num="286" count="11" type="stmt"/>
        <line num="287" count="11" type="stmt"/>
        <line num="289" count="0" type="stmt"/>
        <line num="290" count="0" type="stmt"/>
        <line num="293" count="11" type="cond" truecount="2" falsecount="0"/>
        <line num="294" count="11" type="cond" truecount="2" falsecount="0"/>
        <line num="295" count="5" type="cond" truecount="1" falsecount="0"/>
        <line num="296" count="2" type="cond" truecount="3" falsecount="1"/>
        <line num="297" count="2" type="stmt"/>
        <line num="298" count="2" type="stmt"/>
        <line num="299" count="2" type="stmt"/>
        <line num="301" count="2" type="cond" truecount="0" falsecount="1"/>
        <line num="302" count="2" type="stmt"/>
        <line num="303" count="2" type="stmt"/>
        <line num="308" count="0" type="cond" truecount="0" falsecount="2"/>
        <line num="311" count="0" type="stmt"/>
        <line num="318" count="5" type="cond" truecount="3" falsecount="0"/>
        <line num="319" count="2" type="stmt"/>
        <line num="321" count="5" type="cond" truecount="1" falsecount="0"/>
        <line num="322" count="1" type="stmt"/>
        <line num="326" count="1" type="stmt"/>
        <line num="328" count="5" type="cond" truecount="0" falsecount="1"/>
        <line num="329" count="0" type="stmt"/>
        <line num="340" count="11" type="cond" truecount="1" falsecount="0"/>
        <line num="341" count="2" type="stmt"/>
        <line num="346" count="2" type="stmt"/>
        <line num="351" count="11" type="cond" truecount="1" falsecount="0"/>
        <line num="352" count="1" type="stmt"/>
        <line num="357" count="1" type="stmt"/>
        <line num="361" count="1" type="cond" truecount="1" falsecount="0"/>
        <line num="364" count="11" type="cond" truecount="3" falsecount="0"/>
        <line num="365" count="1" type="cond" truecount="2" falsecount="2"/>
        <line num="366" count="1" type="cond" truecount="1" falsecount="1"/>
        <line num="368" count="11" type="cond" truecount="1" falsecount="0"/>
        <line num="369" count="1" type="stmt"/>
        <line num="370" count="1" type="stmt"/>
        <line num="371" count="1" type="stmt"/>
        <line num="373" count="11" type="cond" truecount="1" falsecount="0"/>
        <line num="374" count="1" type="stmt"/>
        <line num="375" count="1" type="stmt"/>
        <line num="376" count="1" type="stmt"/>
        <line num="377" count="1" type="cond" truecount="1" falsecount="1"/>
        <line num="384" count="77" type="stmt"/>
        <line num="385" count="18" type="stmt"/>
        <line num="386" count="18" type="stmt"/>
        <line num="387" count="18" type="cond" truecount="1" falsecount="0"/>
        <line num="388" count="1" type="stmt"/>
        <line num="389" count="1" type="stmt"/>
        <line num="391" count="18" type="cond" truecount="2" falsecount="0"/>
        <line num="392" count="18" type="stmt"/>
        <line num="393" count="18" type="stmt"/>
        <line num="396" count="77" type="stmt"/>
        <line num="397" count="1" type="stmt"/>
        <line num="398" count="1" type="cond" truecount="2" falsecount="1"/>
        <line num="399" count="1" type="stmt"/>
        <line num="400" count="1" type="stmt"/>
        <line num="407" count="1" type="stmt"/>
        <line num="409" count="1" type="cond" truecount="1" falsecount="1"/>
        <line num="412" count="1" type="stmt"/>
        <line num="413" count="1" type="stmt"/>
        <line num="414" count="1" type="stmt"/>
        <line num="415" count="1" type="stmt"/>
        <line num="416" count="1" type="stmt"/>
        <line num="417" count="1" type="stmt"/>
        <line num="418" count="1" type="stmt"/>
        <line num="419" count="1" type="cond" truecount="2" falsecount="1"/>
        <line num="420" count="1" type="stmt"/>
        <line num="421" count="1" type="stmt"/>
        <line num="422" count="1" type="stmt"/>
        <line num="431" count="1" type="stmt"/>
        <line num="433" count="1" type="stmt"/>
        <line num="434" count="1" type="stmt"/>
        <line num="435" count="1" type="stmt"/>
        <line num="436" count="1" type="stmt"/>
        <line num="437" count="1" type="stmt"/>
        <line num="438" count="1" type="stmt"/>
        <line num="439" count="1" type="stmt"/>
        <line num="441" count="0" type="cond" truecount="0" falsecount="2"/>
        <line num="442" count="0" type="stmt"/>
        <line num="443" count="0" type="stmt"/>
        <line num="448" count="77" type="stmt"/>
        <line num="449" count="1" type="stmt"/>
        <line num="450" count="1" type="stmt"/>
        <line num="451" count="1" type="stmt"/>
        <line num="452" count="1" type="cond" truecount="3" falsecount="0"/>
        <line num="453" count="1" type="stmt"/>
        <line num="454" count="1" type="stmt"/>
        <line num="458" count="1" type="stmt"/>
        <line num="460" count="1" type="stmt"/>
        <line num="461" count="1" type="stmt"/>
        <line num="462" count="1" type="stmt"/>
        <line num="463" count="1" type="stmt"/>
        <line num="464" count="1" type="stmt"/>
        <line num="465" count="1" type="stmt"/>
        <line num="468" count="77" type="stmt"/>
        <line num="469" count="15" type="cond" truecount="2" falsecount="1"/>
        <line num="470" count="15" type="stmt"/>
        <line num="471" count="15" type="stmt"/>
        <line num="472" count="15" type="stmt"/>
        <line num="473" count="15" type="stmt"/>
        <line num="474" count="15" type="stmt"/>
        <line num="478" count="15" type="stmt"/>
        <line num="479" count="15" type="stmt"/>
        <line num="480" count="15" type="stmt"/>
        <line num="482" count="15" type="stmt"/>
        <line num="483" count="15" type="stmt"/>
        <line num="489" count="15" type="stmt"/>
        <line num="490" count="15" type="stmt"/>
        <line num="491" count="15" type="stmt"/>
        <line num="492" count="15" type="stmt"/>
        <line num="497" count="15" type="cond" truecount="4" falsecount="0"/>
        <line num="498" count="1" type="stmt"/>
        <line num="500" count="14" type="stmt"/>
        <line num="502" count="1" type="cond" truecount="1" falsecount="1"/>
        <line num="503" count="1" type="stmt"/>
        <line num="504" count="1" type="stmt"/>
        <line num="509" count="1" type="stmt"/>
        <line num="510" count="1" type="stmt"/>
        <line num="514" count="14" type="stmt"/>
        <line num="518" count="14" type="stmt"/>
        <line num="520" count="14" type="stmt"/>
        <line num="521" count="14" type="stmt"/>
        <line num="524" count="14" type="stmt"/>
        <line num="525" count="14" type="stmt"/>
        <line num="527" count="0" type="cond" truecount="0" falsecount="2"/>
        <line num="528" count="0" type="stmt"/>
        <line num="529" count="0" type="stmt"/>
        <line num="530" count="0" type="stmt"/>
        <line num="532" count="14" type="stmt"/>
        <line num="534" count="14" type="stmt"/>
        <line num="535" count="14" type="stmt"/>
        <line num="536" count="14" type="stmt"/>
        <line num="537" count="14" type="stmt"/>
        <line num="539" count="14" type="stmt"/>
        <line num="540" count="14" type="stmt"/>
        <line num="541" count="0" type="stmt"/>
        <line num="542" count="0" type="stmt"/>
        <line num="544" count="14" type="stmt"/>
        <line num="545" count="1" type="cond" truecount="1" falsecount="0"/>
        <line num="546" count="1" type="stmt"/>
        <line num="547" count="1" type="cond" truecount="1" falsecount="1"/>
        <line num="548" count="1" type="stmt"/>
        <line num="549" count="1" type="stmt"/>
        <line num="567" count="77" type="stmt"/>
        <line num="568" count="1" type="stmt"/>
        <line num="569" count="1" type="stmt"/>
        <line num="570" count="1" type="cond" truecount="3" falsecount="1"/>
        <line num="571" count="1" type="stmt"/>
        <line num="572" count="1" type="stmt"/>
        <line num="573" count="1" type="stmt"/>
        <line num="574" count="1" type="stmt"/>
        <line num="575" count="1" type="stmt"/>
        <line num="576" count="1" type="stmt"/>
        <line num="579" count="77" type="stmt"/>
        <line num="580" count="16" type="stmt"/>
        <line num="581" count="16" type="stmt"/>
        <line num="582" count="16" type="stmt"/>
        <line num="583" count="16" type="cond" truecount="3" falsecount="0"/>
        <line num="584" count="16" type="stmt"/>
        <line num="588" count="77" type="stmt"/>
        <line num="589" count="77" type="stmt"/>
        <line num="600" count="1" type="stmt"/>
        <line num="616" count="0" type="stmt"/>
        <line num="627" count="0" type="stmt"/>
        <line num="638" count="0" type="stmt"/>
        <line num="646" count="0" type="stmt"/>
        <line num="657" count="0" type="stmt"/>
        <line num="669" count="0" type="stmt"/>
        <line num="684" count="15" type="stmt"/>
        <line num="712" count="1" type="cond" truecount="1" falsecount="1"/>
        <line num="726" count="8" type="stmt"/>
        <line num="737" count="1" type="stmt"/>
        <line num="738" count="1" type="stmt"/>
        <line num="743" count="1" type="stmt"/>
        <line num="756" count="0" type="stmt"/>
        <line num="765" count="238" type="stmt"/>
      </file>
    </package>
    <package name="lib">
      <metrics statements="34" coveredstatements="34" conditionals="7" coveredconditionals="4" methods="3" coveredmethods="3"/>
      <file name="livePcm.ts" path="/Users/cristian.angulo/projects/nietzscheson/awa/web/packages/app/src/lib/livePcm.ts">
        <metrics statements="34" coveredstatements="34" conditionals="7" coveredconditionals="4" methods="3" coveredmethods="3"/>
        <line num="10" count="18" type="stmt"/>
        <line num="11" count="4" type="stmt"/>
        <line num="21" count="9" type="stmt"/>
        <line num="22" count="9" type="stmt"/>
        <line num="23" count="9" type="stmt"/>
        <line num="24" count="9" type="cond" truecount="1" falsecount="0"/>
        <line num="25" count="9" type="stmt"/>
        <line num="26" count="9" type="stmt"/>
        <line num="27" count="9" type="stmt"/>
        <line num="28" count="400051" type="stmt"/>
        <line num="30" count="9" type="stmt"/>
        <line num="34" count="4" type="stmt"/>
        <line num="35" count="4" type="stmt"/>
        <line num="36" count="4" type="stmt"/>
        <line num="37" count="4" type="stmt"/>
        <line num="38" count="4" type="stmt"/>
        <line num="39" count="16" type="stmt"/>
        <line num="41" count="4" type="stmt"/>
        <line num="45" count="5" type="stmt"/>
        <line num="50" count="5" type="stmt"/>
        <line num="51" count="5" type="stmt"/>
        <line num="52" count="5" type="stmt"/>
        <line num="53" count="5" type="stmt"/>
        <line num="55" count="1594" type="stmt"/>
        <line num="56" count="1594" type="stmt"/>
        <line num="57" count="1594" type="stmt"/>
        <line num="58" count="1594" type="stmt"/>
        <line num="59" count="1594" type="stmt"/>
        <line num="60" count="4207" type="stmt"/>
        <line num="61" count="4207" type="stmt"/>
        <line num="63" count="1594" type="cond" truecount="1" falsecount="3"/>
        <line num="64" count="1594" type="stmt"/>
        <line num="65" count="1594" type="cond" truecount="2" falsecount="0"/>
        <line num="67" count="5" type="stmt"/>
      </file>
    </package>
  </project>
</coverage>
