{"/Users/cristian.angulo/projects/nietzscheson/awa/web/packages/app/src/components/StreamingAgentClient.tsx": {"path":"/Users/cristian.angulo/projects/nietzscheson/awa/web/packages/app/src/components/StreamingAgentClient.tsx","statementMap":{"0":{"start":{"line":213,"column":16},"end":{"line":213,"column":null}},"1":{"start":{"line":9,"column":7},"end":{"line":9,"column":null}},"2":{"start":{"line":17,"column":7},"end":{"line":17,"column":null}},"3":{"start":{"line":55,"column":21},"end":{"line":55,"column":null}},"4":{"start":{"line":56,"column":20},"end":{"line":56,"column":null}},"5":{"start":{"line":60,"column":2},"end":{"line":60,"column":null}},"6":{"start":{"line":65,"column":2},"end":{"line":67,"column":null}},"7":{"start":{"line":66,"column":4},"end":{"line":66,"column":null}},"8":{"start":{"line":68,"column":16},"end":{"line":68,"column":null}},"9":{"start":{"line":69,"column":14},"end":{"line":69,"column":null}},"10":{"start":{"line":70,"column":2},"end":{"line":70,"column":null}},"11":{"start":{"line":79,"column":20},"end":{"line":79,"column":null}},"12":{"start":{"line":82,"column":2},"end":{"line":82,"column":null}},"13":{"start":{"line":86,"column":2},"end":{"line":96,"column":null}},"14":{"start":{"line":87,"column":14},"end":{"line":87,"column":null}},"15":{"start":{"line":88,"column":12},"end":{"line":88,"column":null}},"16":{"start":{"line":89,"column":4},"end":{"line":92,"column":null}},"17":{"start":{"line":90,"column":6},"end":{"line":90,"column":null}},"18":{"start":{"line":91,"column":6},"end":{"line":91,"column":null}},"19":{"start":{"line":93,"column":4},"end":{"line":93,"column":null}},"20":{"start":{"line":95,"column":4},"end":{"line":95,"column":null}},"21":{"start":{"line":100,"column":12},"end":{"line":100,"column":null}},"22":{"start":{"line":101,"column":2},"end":{"line":101,"column":null}},"23":{"start":{"line":101,"column":32},"end":{"line":101,"column":null}},"24":{"start":{"line":102,"column":2},"end":{"line":102,"column":null}},"25":{"start":{"line":102,"column":31},"end":{"line":102,"column":null}},"26":{"start":{"line":103,"column":2},"end":{"line":103,"column":null}},"27":{"start":{"line":133,"column":4},"end":{"line":144,"column":null}},"28":{"start":{"line":135,"column":8},"end":{"line":137,"column":29}},"29":{"start":{"line":139,"column":6},"end":{"line":143,"column":null}},"30":{"start":{"line":140,"column":8},"end":{"line":140,"column":null}},"31":{"start":{"line":142,"column":8},"end":{"line":142,"column":null}},"32":{"start":{"line":145,"column":4},"end":{"line":145,"column":null}},"33":{"start":{"line":145,"column":40},"end":{"line":145,"column":null}},"34":{"start":{"line":146,"column":4},"end":{"line":146,"column":null}},"35":{"start":{"line":155,"column":16},"end":{"line":155,"column":null}},"36":{"start":{"line":156,"column":4},"end":{"line":162,"column":null}},"37":{"start":{"line":157,"column":6},"end":{"line":161,"column":null}},"38":{"start":{"line":158,"column":8},"end":{"line":158,"column":null}},"39":{"start":{"line":163,"column":4},"end":{"line":163,"column":null}},"40":{"start":{"line":167,"column":4},"end":{"line":167,"column":null}},"41":{"start":{"line":171,"column":4},"end":{"line":171,"column":null}},"42":{"start":{"line":171,"column":26},"end":{"line":171,"column":null}},"43":{"start":{"line":172,"column":16},"end":{"line":172,"column":null}},"44":{"start":{"line":173,"column":16},"end":{"line":173,"column":null}},"45":{"start":{"line":174,"column":15},"end":{"line":174,"column":null}},"46":{"start":{"line":175,"column":4},"end":{"line":175,"column":null}},"47":{"start":{"line":175,"column":17},"end":{"line":175,"column":20}},"48":{"start":{"line":175,"column":41},"end":{"line":175,"column":null}},"49":{"start":{"line":176,"column":16},"end":{"line":176,"column":null}},"50":{"start":{"line":177,"column":4},"end":{"line":177,"column":null}},"51":{"start":{"line":178,"column":4},"end":{"line":178,"column":null}},"52":{"start":{"line":180,"column":18},"end":{"line":180,"column":null}},"53":{"start":{"line":181,"column":4},"end":{"line":181,"column":null}},"54":{"start":{"line":182,"column":4},"end":{"line":182,"column":null}},"55":{"start":{"line":183,"column":4},"end":{"line":183,"column":null}},"56":{"start":{"line":184,"column":4},"end":{"line":184,"column":null}},"57":{"start":{"line":184,"column":24},"end":{"line":184,"column":null}},"58":{"start":{"line":189,"column":4},"end":{"line":195,"column":null}},"59":{"start":{"line":190,"column":6},"end":{"line":194,"column":null}},"60":{"start":{"line":191,"column":8},"end":{"line":191,"column":null}},"61":{"start":{"line":196,"column":4},"end":{"line":196,"column":null}},"62":{"start":{"line":197,"column":4},"end":{"line":197,"column":null}},"63":{"start":{"line":201,"column":4},"end":{"line":201,"column":null}},"64":{"start":{"line":202,"column":4},"end":{"line":209,"column":null}},"65":{"start":{"line":203,"column":6},"end":{"line":207,"column":null}},"66":{"start":{"line":204,"column":8},"end":{"line":204,"column":null}},"67":{"start":{"line":208,"column":6},"end":{"line":208,"column":null}},"68":{"start":{"line":128,"column":10},"end":{"line":128,"column":null}},"69":{"start":{"line":129,"column":10},"end":{"line":129,"column":null}},"70":{"start":{"line":130,"column":10},"end":{"line":130,"column":null}},"71":{"start":{"line":214,"column":32},"end":{"line":214,"column":null}},"72":{"start":{"line":215,"column":32},"end":{"line":215,"column":null}},"73":{"start":{"line":216,"column":30},"end":{"line":216,"column":null}},"74":{"start":{"line":217,"column":36},"end":{"line":217,"column":null}},"75":{"start":{"line":217,"column":51},"end":{"line":217,"column":75}},"76":{"start":{"line":218,"column":34},"end":{"line":218,"column":null}},"77":{"start":{"line":219,"column":36},"end":{"line":219,"column":null}},"78":{"start":{"line":221,"column":26},"end":{"line":221,"column":null}},"79":{"start":{"line":222,"column":30},"end":{"line":222,"column":null}},"80":{"start":{"line":223,"column":28},"end":{"line":223,"column":null}},"81":{"start":{"line":224,"column":28},"end":{"line":224,"column":null}},"82":{"start":{"line":225,"column":30},"end":{"line":225,"column":null}},"83":{"start":{"line":226,"column":28},"end":{"line":226,"column":null}},"84":{"start":{"line":228,"column":16},"end":{"line":228,"column":null}},"85":{"start":{"line":229,"column":20},"end":{"line":229,"column":null}},"86":{"start":{"line":230,"column":23},"end":{"line":230,"column":null}},"87":{"start":{"line":231,"column":25},"end":{"line":231,"column":null}},"88":{"start":{"line":232,"column":23},"end":{"line":232,"column":null}},"89":{"start":{"line":233,"column":22},"end":{"line":233,"column":null}},"90":{"start":{"line":236,"column":23},"end":{"line":236,"column":null}},"91":{"start":{"line":237,"column":20},"end":{"line":237,"column":null}},"92":{"start":{"line":238,"column":21},"end":{"line":238,"column":null}},"93":{"start":{"line":240,"column":2},"end":{"line":242,"column":null}},"94":{"start":{"line":241,"column":4},"end":{"line":241,"column":null}},"95":{"start":{"line":244,"column":2},"end":{"line":247,"column":null}},"96":{"start":{"line":245,"column":15},"end":{"line":245,"column":34}},"97":{"start":{"line":246,"column":4},"end":{"line":246,"column":null}},"98":{"start":{"line":246,"column":12},"end":{"line":246,"column":null}},"99":{"start":{"line":249,"column":20},"end":{"line":253,"column":null}},"100":{"start":{"line":250,"column":4},"end":{"line":251,"column":null}},"101":{"start":{"line":251,"column":6},"end":{"line":251,"column":null}},"102":{"start":{"line":255,"column":19},"end":{"line":257,"column":null}},"103":{"start":{"line":256,"column":4},"end":{"line":256,"column":null}},"104":{"start":{"line":256,"column":23},"end":{"line":256,"column":null}},"105":{"start":{"line":260,"column":22},"end":{"line":280,"column":null}},"106":{"start":{"line":262,"column":18},"end":{"line":262,"column":null}},"107":{"start":{"line":263,"column":16},"end":{"line":263,"column":27}},"108":{"start":{"line":264,"column":6},"end":{"line":270,"column":null}},"109":{"start":{"line":265,"column":8},"end":{"line":265,"column":null}},"110":{"start":{"line":266,"column":8},"end":{"line":266,"column":null}},"111":{"start":{"line":267,"column":22},"end":{"line":267,"column":null}},"112":{"start":{"line":268,"column":8},"end":{"line":268,"column":null}},"113":{"start":{"line":268,"column":27},"end":{"line":268,"column":null}},"114":{"start":{"line":269,"column":8},"end":{"line":269,"column":null}},"115":{"start":{"line":271,"column":23},"end":{"line":271,"column":null}},"116":{"start":{"line":272,"column":6},"end":{"line":276,"column":null}},"117":{"start":{"line":273,"column":8},"end":{"line":276,"column":null}},"118":{"start":{"line":274,"column":10},"end":{"line":276,"column":null}},"119":{"start":{"line":283,"column":22},"end":{"line":380,"column":null}},"120":{"start":{"line":286,"column":6},"end":{"line":291,"column":null}},"121":{"start":{"line":287,"column":8},"end":{"line":287,"column":null}},"122":{"start":{"line":289,"column":8},"end":{"line":289,"column":null}},"123":{"start":{"line":290,"column":8},"end":{"line":290,"column":null}},"124":{"start":{"line":293,"column":21},"end":{"line":293,"column":null}},"125":{"start":{"line":294,"column":6},"end":{"line":336,"column":null}},"126":{"start":{"line":295,"column":8},"end":{"line":316,"column":null}},"127":{"start":{"line":296,"column":10},"end":{"line":315,"column":null}},"128":{"start":{"line":297,"column":12},"end":{"line":309,"column":null}},"129":{"start":{"line":298,"column":26},"end":{"line":298,"column":null}},"130":{"start":{"line":299,"column":29},"end":{"line":299,"column":46}},"131":{"start":{"line":301,"column":14},"end":{"line":301,"column":null}},"132":{"start":{"line":301,"column":46},"end":{"line":301,"column":null}},"133":{"start":{"line":302,"column":14},"end":{"line":302,"column":null}},"134":{"start":{"line":303,"column":14},"end":{"line":305,"column":null}},"135":{"start":{"line":308,"column":14},"end":{"line":308,"column":null}},"136":{"start":{"line":311,"column":12},"end":{"line":313,"column":null}},"137":{"start":{"line":318,"column":8},"end":{"line":320,"column":null}},"138":{"start":{"line":319,"column":10},"end":{"line":319,"column":null}},"139":{"start":{"line":321,"column":8},"end":{"line":327,"column":null}},"140":{"start":{"line":322,"column":10},"end":{"line":324,"column":null}},"141":{"start":{"line":326,"column":10},"end":{"line":326,"column":null}},"142":{"start":{"line":328,"column":8},"end":{"line":335,"column":null}},"143":{"start":{"line":329,"column":10},"end":{"line":333,"column":null}},"144":{"start":{"line":340,"column":6},"end":{"line":350,"column":null}},"145":{"start":{"line":341,"column":8},"end":{"line":344,"column":null}},"146":{"start":{"line":346,"column":8},"end":{"line":348,"column":null}},"147":{"start":{"line":351,"column":6},"end":{"line":362,"column":null}},"148":{"start":{"line":352,"column":8},"end":{"line":355,"column":null}},"149":{"start":{"line":357,"column":8},"end":{"line":359,"column":null}},"150":{"start":{"line":361,"column":8},"end":{"line":361,"column":null}},"151":{"start":{"line":361,"column":44},"end":{"line":361,"column":null}},"152":{"start":{"line":364,"column":6},"end":{"line":367,"column":null}},"153":{"start":{"line":365,"column":8},"end":{"line":365,"column":null}},"154":{"start":{"line":366,"column":8},"end":{"line":366,"column":null}},"155":{"start":{"line":368,"column":6},"end":{"line":372,"column":null}},"156":{"start":{"line":369,"column":8},"end":{"line":369,"column":null}},"157":{"start":{"line":370,"column":8},"end":{"line":370,"column":null}},"158":{"start":{"line":371,"column":8},"end":{"line":371,"column":null}},"159":{"start":{"line":373,"column":6},"end":{"line":378,"column":null}},"160":{"start":{"line":374,"column":8},"end":{"line":374,"column":null}},"161":{"start":{"line":375,"column":8},"end":{"line":375,"column":null}},"162":{"start":{"line":376,"column":8},"end":{"line":376,"column":null}},"163":{"start":{"line":377,"column":8},"end":{"line":377,"column":null}},"164":{"start":{"line":384,"column":18},"end":{"line":394,"column":null}},"165":{"start":{"line":385,"column":4},"end":{"line":385,"column":null}},"166":{"start":{"line":386,"column":4},"end":{"line":386,"column":null}},"167":{"start":{"line":387,"column":4},"end":{"line":390,"column":null}},"168":{"start":{"line":388,"column":6},"end":{"line":388,"column":null}},"169":{"start":{"line":389,"column":6},"end":{"line":389,"column":null}},"170":{"start":{"line":391,"column":4},"end":{"line":391,"column":null}},"171":{"start":{"line":391,"column":61},"end":{"line":391,"column":null}},"172":{"start":{"line":392,"column":4},"end":{"line":392,"column":null}},"173":{"start":{"line":393,"column":4},"end":{"line":393,"column":null}},"174":{"start":{"line":396,"column":19},"end":{"line":445,"column":null}},"175":{"start":{"line":397,"column":15},"end":{"line":397,"column":28}},"176":{"start":{"line":398,"column":4},"end":{"line":398,"column":null}},"177":{"start":{"line":398,"column":49},"end":{"line":398,"column":null}},"178":{"start":{"line":399,"column":4},"end":{"line":444,"column":null}},"179":{"start":{"line":400,"column":21},"end":{"line":406,"column":null}},"180":{"start":{"line":407,"column":6},"end":{"line":407,"column":null}},"181":{"start":{"line":409,"column":8},"end":{"line":411,"column":29}},"182":{"start":{"line":412,"column":18},"end":{"line":412,"column":null}},"183":{"start":{"line":413,"column":6},"end":{"line":413,"column":null}},"184":{"start":{"line":414,"column":21},"end":{"line":414,"column":null}},"185":{"start":{"line":415,"column":19},"end":{"line":415,"column":null}},"186":{"start":{"line":416,"column":6},"end":{"line":416,"column":null}},"187":{"start":{"line":417,"column":6},"end":{"line":430,"column":null}},"188":{"start":{"line":418,"column":21},"end":{"line":418,"column":34}},"189":{"start":{"line":419,"column":8},"end":{"line":419,"column":null}},"190":{"start":{"line":419,"column":57},"end":{"line":419,"column":null}},"191":{"start":{"line":420,"column":22},"end":{"line":420,"column":null}},"192":{"start":{"line":421,"column":20},"end":{"line":421,"column":null}},"193":{"start":{"line":422,"column":8},"end":{"line":428,"column":null}},"194":{"start":{"line":431,"column":6},"end":{"line":431,"column":null}},"195":{"start":{"line":433,"column":19},"end":{"line":433,"column":null}},"196":{"start":{"line":434,"column":6},"end":{"line":434,"column":null}},"197":{"start":{"line":435,"column":6},"end":{"line":435,"column":null}},"198":{"start":{"line":436,"column":6},"end":{"line":436,"column":null}},"199":{"start":{"line":437,"column":6},"end":{"line":437,"column":null}},"200":{"start":{"line":438,"column":6},"end":{"line":438,"column":null}},"201":{"start":{"line":439,"column":6},"end":{"line":439,"column":null}},"202":{"start":{"line":441,"column":6},"end":{"line":441,"column":null}},"203":{"start":{"line":442,"column":6},"end":{"line":442,"column":null}},"204":{"start":{"line":443,"column":6},"end":{"line":443,"column":null}},"205":{"start":{"line":448,"column":21},"end":{"line":466,"column":null}},"206":{"start":{"line":449,"column":4},"end":{"line":449,"column":null}},"207":{"start":{"line":450,"column":15},"end":{"line":450,"column":28}},"208":{"start":{"line":451,"column":4},"end":{"line":451,"column":null}},"209":{"start":{"line":452,"column":4},"end":{"line":459,"column":null}},"210":{"start":{"line":453,"column":6},"end":{"line":457,"column":null}},"211":{"start":{"line":454,"column":8},"end":{"line":454,"column":null}},"212":{"start":{"line":458,"column":6},"end":{"line":458,"column":null}},"213":{"start":{"line":460,"column":4},"end":{"line":460,"column":null}},"214":{"start":{"line":461,"column":4},"end":{"line":461,"column":null}},"215":{"start":{"line":462,"column":4},"end":{"line":462,"column":null}},"216":{"start":{"line":463,"column":4},"end":{"line":463,"column":null}},"217":{"start":{"line":464,"column":4},"end":{"line":464,"column":null}},"218":{"start":{"line":465,"column":4},"end":{"line":465,"column":null}},"219":{"start":{"line":468,"column":18},"end":{"line":565,"column":null}},"220":{"start":{"line":469,"column":4},"end":{"line":469,"column":null}},"221":{"start":{"line":469,"column":50},"end":{"line":469,"column":null}},"222":{"start":{"line":470,"column":4},"end":{"line":470,"column":null}},"223":{"start":{"line":471,"column":4},"end":{"line":471,"column":null}},"224":{"start":{"line":472,"column":4},"end":{"line":472,"column":null}},"225":{"start":{"line":473,"column":4},"end":{"line":473,"column":null}},"226":{"start":{"line":474,"column":4},"end":{"line":474,"column":null}},"227":{"start":{"line":478,"column":19},"end":{"line":478,"column":null}},"228":{"start":{"line":479,"column":4},"end":{"line":479,"column":null}},"229":{"start":{"line":480,"column":4},"end":{"line":480,"column":null}},"230":{"start":{"line":480,"column":41},"end":{"line":480,"column":null}},"231":{"start":{"line":482,"column":21},"end":{"line":482,"column":null}},"232":{"start":{"line":483,"column":23},"end":{"line":486,"column":null}},"233":{"start":{"line":489,"column":4},"end":{"line":511,"column":null}},"234":{"start":{"line":490,"column":6},"end":{"line":490,"column":null}},"235":{"start":{"line":491,"column":6},"end":{"line":491,"column":null}},"236":{"start":{"line":492,"column":18},"end":{"line":496,"column":null}},"237":{"start":{"line":497,"column":6},"end":{"line":499,"column":null}},"238":{"start":{"line":498,"column":8},"end":{"line":498,"column":null}},"239":{"start":{"line":500,"column":6},"end":{"line":500,"column":null}},"240":{"start":{"line":502,"column":18},"end":{"line":502,"column":null}},"241":{"start":{"line":503,"column":6},"end":{"line":503,"column":null}},"242":{"start":{"line":504,"column":6},"end":{"line":507,"column":null}},"243":{"start":{"line":509,"column":6},"end":{"line":509,"column":null}},"244":{"start":{"line":510,"column":6},"end":{"line":510,"column":null}},"245":{"start":{"line":514,"column":6},"end":{"line":517,"column":31}},"246":{"start":{"line":518,"column":18},"end":{"line":518,"column":null}},"247":{"start":{"line":520,"column":4},"end":{"line":520,"column":null}},"248":{"start":{"line":521,"column":4},"end":{"line":521,"column":null}},"249":{"start":{"line":524,"column":4},"end":{"line":531,"column":null}},"250":{"start":{"line":525,"column":6},"end":{"line":525,"column":null}},"251":{"start":{"line":527,"column":6},"end":{"line":527,"column":null}},"252":{"start":{"line":528,"column":6},"end":{"line":528,"column":null}},"253":{"start":{"line":529,"column":6},"end":{"line":529,"column":null}},"254":{"start":{"line":530,"column":6},"end":{"line":530,"column":null}},"255":{"start":{"line":532,"column":4},"end":{"line":532,"column":null}},"256":{"start":{"line":534,"column":4},"end":{"line":538,"column":null}},"257":{"start":{"line":535,"column":6},"end":{"line":535,"column":null}},"258":{"start":{"line":536,"column":6},"end":{"line":536,"column":null}},"259":{"start":{"line":537,"column":6},"end":{"line":537,"column":null}},"260":{"start":{"line":539,"column":4},"end":{"line":539,"column":null}},"261":{"start":{"line":539,"column":28},"end":{"line":539,"column":null}},"262":{"start":{"line":540,"column":4},"end":{"line":543,"column":null}},"263":{"start":{"line":541,"column":6},"end":{"line":541,"column":null}},"264":{"start":{"line":542,"column":6},"end":{"line":542,"column":null}},"265":{"start":{"line":544,"column":4},"end":{"line":554,"column":null}},"266":{"start":{"line":545,"column":6},"end":{"line":545,"column":null}},"267":{"start":{"line":545,"column":32},"end":{"line":545,"column":null}},"268":{"start":{"line":546,"column":6},"end":{"line":546,"column":null}},"269":{"start":{"line":547,"column":6},"end":{"line":547,"column":null}},"270":{"start":{"line":548,"column":6},"end":{"line":548,"column":null}},"271":{"start":{"line":549,"column":6},"end":{"line":552,"column":null}},"272":{"start":{"line":567,"column":22},"end":{"line":577,"column":null}},"273":{"start":{"line":568,"column":17},"end":{"line":568,"column":null}},"274":{"start":{"line":569,"column":15},"end":{"line":569,"column":28}},"275":{"start":{"line":570,"column":4},"end":{"line":570,"column":null}},"276":{"start":{"line":570,"column":58},"end":{"line":570,"column":null}},"277":{"start":{"line":571,"column":16},"end":{"line":571,"column":null}},"278":{"start":{"line":572,"column":4},"end":{"line":572,"column":null}},"279":{"start":{"line":573,"column":4},"end":{"line":573,"column":null}},"280":{"start":{"line":574,"column":4},"end":{"line":574,"column":null}},"281":{"start":{"line":575,"column":4},"end":{"line":575,"column":null}},"282":{"start":{"line":576,"column":4},"end":{"line":576,"column":null}},"283":{"start":{"line":579,"column":2},"end":{"line":586,"column":null}},"284":{"start":{"line":580,"column":4},"end":{"line":585,"column":null}},"285":{"start":{"line":581,"column":6},"end":{"line":581,"column":null}},"286":{"start":{"line":582,"column":17},"end":{"line":582,"column":30}},"287":{"start":{"line":583,"column":6},"end":{"line":583,"column":null}},"288":{"start":{"line":583,"column":49},"end":{"line":583,"column":null}},"289":{"start":{"line":584,"column":6},"end":{"line":584,"column":null}},"290":{"start":{"line":588,"column":17},"end":{"line":588,"column":null}},"291":{"start":{"line":589,"column":17},"end":{"line":589,"column":null}},"292":{"start":{"line":600,"column":29},"end":{"line":600,"column":null}},"293":{"start":{"line":616,"column":29},"end":{"line":616,"column":null}},"294":{"start":{"line":627,"column":29},"end":{"line":627,"column":null}},"295":{"start":{"line":638,"column":31},"end":{"line":638,"column":null}},"296":{"start":{"line":646,"column":29},"end":{"line":646,"column":null}},"297":{"start":{"line":657,"column":29},"end":{"line":657,"column":null}},"298":{"start":{"line":669,"column":29},"end":{"line":669,"column":null}},"299":{"start":{"line":684,"column":29},"end":{"line":684,"column":null}},"300":{"start":{"line":712,"column":28},"end":{"line":712,"column":null}},"301":{"start":{"line":726,"column":14},"end":{"line":726,"column":30}},"302":{"start":{"line":737,"column":12},"end":{"line":737,"column":null}},"303":{"start":{"line":738,"column":12},"end":{"line":738,"column":null}},"304":{"start":{"line":743,"column":29},"end":{"line":743,"column":null}},"305":{"start":{"line":756,"column":71},"end":{"line":756,"column":86}},"306":{"start":{"line":765,"column":16},"end":{"line":765,"column":32}}},"fnMap":{"0":{"name":"isAbsolute","decl":{"start":{"line":59,"column":9},"end":{"line":59,"column":20}},"loc":{"start":{"line":59,"column":32},"end":{"line":61,"column":null}}},"1":{"name":"buildLiveWsUrl","decl":{"start":{"line":64,"column":9},"end":{"line":64,"column":24}},"loc":{"start":{"line":64,"column":51},"end":{"line":71,"column":null}}},"2":{"name":"uid","decl":{"start":{"line":81,"column":9},"end":{"line":81,"column":null}},"loc":{"start":{"line":81,"column":9},"end":{"line":83,"column":null}}},"3":{"name":"readUserId","decl":{"start":{"line":85,"column":9},"end":{"line":85,"column":null}},"loc":{"start":{"line":85,"column":9},"end":{"line":97,"column":null}}},"4":{"name":"toWsBase","decl":{"start":{"line":99,"column":9},"end":{"line":99,"column":18}},"loc":{"start":{"line":99,"column":34},"end":{"line":104,"column":null}}},"5":{"name":"(anonymous_6)","decl":{"start":{"line":132,"column":10},"end":{"line":132,"column":33}},"loc":{"start":{"line":132,"column":33},"end":{"line":147,"column":null}}},"6":{"name":"(anonymous_7)","decl":{"start":{"line":154,"column":2},"end":{"line":154,"column":8}},"loc":{"start":{"line":154,"column":45},"end":{"line":164,"column":null}}},"7":{"name":"(anonymous_8)","decl":{"start":{"line":166,"column":2},"end":{"line":166,"column":6}},"loc":{"start":{"line":166,"column":42},"end":{"line":168,"column":null}}},"8":{"name":"(anonymous_9)","decl":{"start":{"line":170,"column":2},"end":{"line":170,"column":10}},"loc":{"start":{"line":170,"column":60},"end":{"line":185,"column":null}}},"9":{"name":"(anonymous_10)","decl":{"start":{"line":184,"column":18},"end":{"line":184,"column":24}},"loc":{"start":{"line":184,"column":24},"end":{"line":184,"column":null}}},"10":{"name":"(anonymous_11)","decl":{"start":{"line":188,"column":2},"end":{"line":188,"column":9}},"loc":{"start":{"line":188,"column":9},"end":{"line":198,"column":null}}},"11":{"name":"(anonymous_12)","decl":{"start":{"line":200,"column":2},"end":{"line":200,"column":8}},"loc":{"start":{"line":200,"column":16},"end":{"line":210,"column":null}}},"12":{"name":"StreamingAgentClient","decl":{"start":{"line":213,"column":16},"end":{"line":213,"column":null}},"loc":{"start":{"line":213,"column":16},"end":{"line":778,"column":null}}},"13":{"name":"(anonymous_15)","decl":{"start":{"line":217,"column":45},"end":{"line":217,"column":51}},"loc":{"start":{"line":217,"column":51},"end":{"line":217,"column":75}}},"14":{"name":"(anonymous_16)","decl":{"start":{"line":240,"column":12},"end":{"line":240,"column":null}},"loc":{"start":{"line":240,"column":12},"end":{"line":242,"column":5}}},"15":{"name":"(anonymous_17)","decl":{"start":{"line":244,"column":18},"end":{"line":244,"column":null}},"loc":{"start":{"line":244,"column":18},"end":{"line":247,"column":5}}},"16":{"name":"(anonymous_18)","decl":{"start":{"line":249,"column":32},"end":{"line":249,"column":33}},"loc":{"start":{"line":249,"column":47},"end":{"line":253,"column":5}}},"17":{"name":"(anonymous_19)","decl":{"start":{"line":250,"column":14},"end":{"line":250,"column":15}},"loc":{"start":{"line":251,"column":6},"end":{"line":251,"column":null}}},"18":{"name":"(anonymous_20)","decl":{"start":{"line":255,"column":31},"end":{"line":255,"column":32}},"loc":{"start":{"line":255,"column":48},"end":{"line":257,"column":5}}},"19":{"name":"(anonymous_21)","decl":{"start":{"line":256,"column":13},"end":{"line":256,"column":14}},"loc":{"start":{"line":256,"column":23},"end":{"line":256,"column":null}}},"20":{"name":"(anonymous_22)","decl":{"start":{"line":261,"column":4},"end":{"line":261,"column":5}},"loc":{"start":{"line":261,"column":42},"end":{"line":279,"column":null}}},"21":{"name":"(anonymous_23)","decl":{"start":{"line":268,"column":17},"end":{"line":268,"column":18}},"loc":{"start":{"line":268,"column":27},"end":{"line":268,"column":null}}},"22":{"name":"(anonymous_24)","decl":{"start":{"line":272,"column":15},"end":{"line":272,"column":16}},"loc":{"start":{"line":273,"column":8},"end":{"line":276,"column":null}}},"23":{"name":"(anonymous_25)","decl":{"start":{"line":273,"column":17},"end":{"line":273,"column":18}},"loc":{"start":{"line":274,"column":10},"end":{"line":276,"column":null}}},"24":{"name":"(anonymous_26)","decl":{"start":{"line":284,"column":4},"end":{"line":284,"column":5}},"loc":{"start":{"line":284,"column":5},"end":{"line":379,"column":null}}},"25":{"name":"(anonymous_27)","decl":{"start":{"line":384,"column":30},"end":{"line":384,"column":null}},"loc":{"start":{"line":384,"column":30},"end":{"line":394,"column":5}}},"26":{"name":"(anonymous_28)","decl":{"start":{"line":388,"column":43},"end":{"line":388,"column":50}},"loc":{"start":{"line":388,"column":43},"end":{"line":388,"column":null}}},"27":{"name":"(anonymous_29)","decl":{"start":{"line":396,"column":31},"end":{"line":396,"column":null}},"loc":{"start":{"line":396,"column":31},"end":{"line":445,"column":5}}},"28":{"name":"(anonymous_30)","decl":{"start":{"line":417,"column":28},"end":{"line":417,"column":29}},"loc":{"start":{"line":417,"column":29},"end":{"line":430,"column":null}}},"29":{"name":"(anonymous_31)","decl":{"start":{"line":448,"column":33},"end":{"line":448,"column":null}},"loc":{"start":{"line":448,"column":33},"end":{"line":466,"column":5}}},"30":{"name":"(anonymous_32)","decl":{"start":{"line":468,"column":30},"end":{"line":468,"column":null}},"loc":{"start":{"line":468,"column":30},"end":{"line":555,"column":5}}},"31":{"name":"(anonymous_33)","decl":{"start":{"line":480,"column":30},"end":{"line":480,"column":31}},"loc":{"start":{"line":480,"column":41},"end":{"line":480,"column":null}}},"32":{"name":"(anonymous_34)","decl":{"start":{"line":534,"column":16},"end":{"line":534,"column":null}},"loc":{"start":{"line":534,"column":16},"end":{"line":538,"column":null}}},"33":{"name":"(anonymous_35)","decl":{"start":{"line":539,"column":19},"end":{"line":539,"column":20}},"loc":{"start":{"line":539,"column":28},"end":{"line":539,"column":null}}},"34":{"name":"(anonymous_36)","decl":{"start":{"line":540,"column":17},"end":{"line":540,"column":null}},"loc":{"start":{"line":540,"column":17},"end":{"line":543,"column":null}}},"35":{"name":"(anonymous_37)","decl":{"start":{"line":544,"column":17},"end":{"line":544,"column":18}},"loc":{"start":{"line":544,"column":18},"end":{"line":554,"column":null}}},"36":{"name":"(anonymous_38)","decl":{"start":{"line":567,"column":34},"end":{"line":567,"column":null}},"loc":{"start":{"line":567,"column":34},"end":{"line":577,"column":5}}},"37":{"name":"(anonymous_39)","decl":{"start":{"line":579,"column":12},"end":{"line":579,"column":null}},"loc":{"start":{"line":579,"column":12},"end":{"line":586,"column":5}}},"38":{"name":"(anonymous_40)","decl":{"start":{"line":580,"column":11},"end":{"line":580,"column":null}},"loc":{"start":{"line":580,"column":11},"end":{"line":585,"column":null}}},"39":{"name":"(anonymous_41)","decl":{"start":{"line":600,"column":22},"end":{"line":600,"column":23}},"loc":{"start":{"line":600,"column":29},"end":{"line":600,"column":null}}},"40":{"name":"(anonymous_42)","decl":{"start":{"line":616,"column":22},"end":{"line":616,"column":23}},"loc":{"start":{"line":616,"column":29},"end":{"line":616,"column":null}}},"41":{"name":"(anonymous_43)","decl":{"start":{"line":627,"column":22},"end":{"line":627,"column":23}},"loc":{"start":{"line":627,"column":29},"end":{"line":627,"column":null}}},"42":{"name":"(anonymous_44)","decl":{"start":{"line":638,"column":24},"end":{"line":638,"column":25}},"loc":{"start":{"line":638,"column":31},"end":{"line":638,"column":null}}},"43":{"name":"(anonymous_45)","decl":{"start":{"line":646,"column":23},"end":{"line":646,"column":29}},"loc":{"start":{"line":646,"column":29},"end":{"line":646,"column":null}}},"44":{"name":"(anonymous_46)","decl":{"start":{"line":657,"column":22},"end":{"line":657,"column":23}},"loc":{"start":{"line":657,"column":29},"end":{"line":657,"column":null}}},"45":{"name":"(anonymous_47)","decl":{"start":{"line":669,"column":22},"end":{"line":669,"column":23}},"loc":{"start":{"line":669,"column":29},"end":{"line":669,"column":null}}},"46":{"name":"(anonymous_48)","decl":{"start":{"line":684,"column":23},"end":{"line":684,"column":29}},"loc":{"start":{"line":684,"column":29},"end":{"line":684,"column":null}}},"47":{"name":"(anonymous_49)","decl":{"start":{"line":712,"column":21},"end":{"line":712,"column":28}},"loc":{"start":{"line":712,"column":28},"end":{"line":712,"column":null}}},"48":{"name":"(anonymous_50)","decl":{"start":{"line":725,"column":22},"end":{"line":725,"column":23}},"loc":{"start":{"line":726,"column":14},"end":{"line":726,"column":30}}},"49":{"name":"(anonymous_51)","decl":{"start":{"line":736,"column":20},"end":{"line":736,"column":21}},"loc":{"start":{"line":736,"column":21},"end":{"line":739,"column":null}}},"50":{"name":"(anonymous_52)","decl":{"start":{"line":743,"column":22},"end":{"line":743,"column":23}},"loc":{"start":{"line":743,"column":29},"end":{"line":743,"column":null}}},"51":{"name":"(anonymous_53)","decl":{"start":{"line":756,"column":65},"end":{"line":756,"column":71}},"loc":{"start":{"line":756,"column":71},"end":{"line":756,"column":86}}},"52":{"name":"(anonymous_54)","decl":{"start":{"line":764,"column":25},"end":{"line":764,"column":26}},"loc":{"start":{"line":765,"column":16},"end":{"line":765,"column":32}}}},"branchMap":{"0":{"loc":{"start":{"line":65,"column":2},"end":{"line":67,"column":null}},"type":"if","locations":[{"start":{"line":65,"column":2},"end":{"line":67,"column":null}}]},"1":{"loc":{"start":{"line":68,"column":16},"end":{"line":68,"column":null}},"type":"cond-expr","locations":[{"start":{"line":68,"column":56},"end":{"line":68,"column":65}},{"start":{"line":68,"column":65},"end":{"line":68,"column":null}}]},"2":{"loc":{"start":{"line":69,"column":15},"end":{"line":69,"column":54}},"type":"cond-expr","locations":[{"start":{"line":69,"column":38},"end":{"line":69,"column":45}},{"start":{"line":69,"column":45},"end":{"line":69,"column":54}}]},"3":{"loc":{"start":{"line":89,"column":4},"end":{"line":92,"column":null}},"type":"if","locations":[{"start":{"line":89,"column":4},"end":{"line":92,"column":null}}]},"4":{"loc":{"start":{"line":101,"column":2},"end":{"line":101,"column":null}},"type":"if","locations":[{"start":{"line":101,"column":2},"end":{"line":101,"column":null}}]},"5":{"loc":{"start":{"line":102,"column":2},"end":{"line":102,"column":null}},"type":"if","locations":[{"start":{"line":102,"column":2},"end":{"line":102,"column":null}}]},"6":{"loc":{"start":{"line":133,"column":4},"end":{"line":144,"column":null}},"type":"if","locations":[{"start":{"line":133,"column":4},"end":{"line":144,"column":null}}]},"7":{"loc":{"start":{"line":135,"column":8},"end":{"line":137,"column":29}},"type":"binary-expr","locations":[{"start":{"line":135,"column":8},"end":{"line":135,"column":27}},{"start":{"line":136,"column":8},"end":{"line":137,"column":29}}]},"8":{"loc":{"start":{"line":145,"column":4},"end":{"line":145,"column":null}},"type":"if","locations":[{"start":{"line":145,"column":4},"end":{"line":145,"column":null}}]},"9":{"loc":{"start":{"line":156,"column":4},"end":{"line":162,"column":null}},"type":"if","locations":[{"start":{"line":156,"column":4},"end":{"line":162,"column":null}}]},"10":{"loc":{"start":{"line":167,"column":11},"end":{"line":167,"column":null}},"type":"binary-expr","locations":[{"start":{"line":167,"column":11},"end":{"line":167,"column":30}},{"start":{"line":167,"column":30},"end":{"line":167,"column":null}}]},"11":{"loc":{"start":{"line":170,"column":27},"end":{"line":170,"column":58}},"type":"default-arg","locations":[{"start":{"line":170,"column":40},"end":{"line":170,"column":58}}]},"12":{"loc":{"start":{"line":171,"column":4},"end":{"line":171,"column":null}},"type":"if","locations":[{"start":{"line":171,"column":4},"end":{"line":171,"column":null}}]},"13":{"loc":{"start":{"line":197,"column":20},"end":{"line":197,"column":null}},"type":"cond-expr","locations":[{"start":{"line":197,"column":31},"end":{"line":197,"column":51}},{"start":{"line":197,"column":54},"end":{"line":197,"column":null}}]},"14":{"loc":{"start":{"line":202,"column":4},"end":{"line":209,"column":null}},"type":"if","locations":[{"start":{"line":202,"column":4},"end":{"line":209,"column":null}}]},"15":{"loc":{"start":{"line":246,"column":4},"end":{"line":246,"column":null}},"type":"if","locations":[{"start":{"line":246,"column":4},"end":{"line":246,"column":null}}]},"16":{"loc":{"start":{"line":262,"column":18},"end":{"line":262,"column":null}},"type":"cond-expr","locations":[{"start":{"line":262,"column":37},"end":{"line":262,"column":54}},{"start":{"line":262,"column":54},"end":{"line":262,"column":null}}]},"17":{"loc":{"start":{"line":264,"column":6},"end":{"line":270,"column":null}},"type":"if","locations":[{"start":{"line":264,"column":6},"end":{"line":270,"column":null}}]},"18":{"loc":{"start":{"line":274,"column":10},"end":{"line":276,"column":null}},"type":"cond-expr","locations":[{"start":{"line":275,"column":14},"end":{"line":275,"column":null}},{"start":{"line":276,"column":14},"end":{"line":276,"column":null}}]},"19":{"loc":{"start":{"line":275,"column":28},"end":{"line":275,"column":59}},"type":"cond-expr","locations":[{"start":{"line":275,"column":38},"end":{"line":275,"column":45}},{"start":{"line":275,"column":45},"end":{"line":275,"column":59}}]},"20":{"loc":{"start":{"line":293,"column":21},"end":{"line":293,"column":null}},"type":"binary-expr","locations":[{"start":{"line":293,"column":21},"end":{"line":293,"column":30}},{"start":{"line":293,"column":34},"end":{"line":293,"column":null}}]},"21":{"loc":{"start":{"line":294,"column":22},"end":{"line":294,"column":45}},"type":"binary-expr","locations":[{"start":{"line":294,"column":22},"end":{"line":294,"column":43}},{"start":{"line":294,"column":43},"end":{"line":294,"column":45}}]},"22":{"loc":{"start":{"line":295,"column":8},"end":{"line":316,"column":null}},"type":"if","locations":[{"start":{"line":295,"column":8},"end":{"line":316,"column":null}}]},"23":{"loc":{"start":{"line":296,"column":10},"end":{"line":315,"column":null}},"type":"if","locations":[{"start":{"line":296,"column":10},"end":{"line":315,"column":null}},{"start":{"line":310,"column":17},"end":{"line":315,"column":null}}]},"24":{"loc":{"start":{"line":296,"column":14},"end":{"line":296,"column":55}},"type":"binary-expr","locations":[{"start":{"line":296,"column":14},"end":{"line":296,"column":34}},{"start":{"line":296,"column":38},"end":{"line":296,"column":55}}]},"25":{"loc":{"start":{"line":301,"column":14},"end":{"line":301,"column":null}},"type":"if","locations":[{"start":{"line":301,"column":14},"end":{"line":301,"column":null}}]},"26":{"loc":{"start":{"line":308,"column":39},"end":{"line":308,"column":null}},"type":"cond-expr","locations":[{"start":{"line":308,"column":60},"end":{"line":308,"column":69}},{"start":{"line":308,"column":72},"end":{"line":308,"column":null}}]},"27":{"loc":{"start":{"line":318,"column":8},"end":{"line":320,"column":null}},"type":"if","locations":[{"start":{"line":318,"column":8},"end":{"line":320,"column":null}}]},"28":{"loc":{"start":{"line":318,"column":12},"end":{"line":318,"column":61}},"type":"binary-expr","locations":[{"start":{"line":318,"column":12},"end":{"line":318,"column":42}},{"start":{"line":318,"column":42},"end":{"line":318,"column":61}}]},"29":{"loc":{"start":{"line":321,"column":8},"end":{"line":327,"column":null}},"type":"if","locations":[{"start":{"line":321,"column":8},"end":{"line":327,"column":null}}]},"30":{"loc":{"start":{"line":324,"column":53},"end":{"line":324,"column":80}},"type":"binary-expr","locations":[{"start":{"line":324,"column":53},"end":{"line":324,"column":72}},{"start":{"line":324,"column":76},"end":{"line":324,"column":80}}]},"31":{"loc":{"start":{"line":328,"column":8},"end":{"line":335,"column":null}},"type":"if","locations":[{"start":{"line":328,"column":8},"end":{"line":335,"column":null}}]},"32":{"loc":{"start":{"line":332,"column":14},"end":{"line":332,"column":null}},"type":"binary-expr","locations":[{"start":{"line":332,"column":14},"end":{"line":332,"column":41}},{"start":{"line":332,"column":45},"end":{"line":332,"column":null}}]},"33":{"loc":{"start":{"line":340,"column":6},"end":{"line":350,"column":null}},"type":"if","locations":[{"start":{"line":340,"column":6},"end":{"line":350,"column":null}}]},"34":{"loc":{"start":{"line":348,"column":13},"end":{"line":348,"column":65}},"type":"cond-expr","locations":[{"start":{"line":348,"column":47},"end":{"line":348,"column":60}},{"start":{"line":348,"column":60},"end":{"line":348,"column":65}}]},"35":{"loc":{"start":{"line":351,"column":6},"end":{"line":362,"column":null}},"type":"if","locations":[{"start":{"line":351,"column":6},"end":{"line":362,"column":null}}]},"36":{"loc":{"start":{"line":359,"column":13},"end":{"line":359,"column":64}},"type":"cond-expr","locations":[{"start":{"line":359,"column":46},"end":{"line":359,"column":59}},{"start":{"line":359,"column":59},"end":{"line":359,"column":64}}]},"37":{"loc":{"start":{"line":361,"column":8},"end":{"line":361,"column":null}},"type":"if","locations":[{"start":{"line":361,"column":8},"end":{"line":361,"column":null}}]},"38":{"loc":{"start":{"line":364,"column":6},"end":{"line":367,"column":null}},"type":"if","locations":[{"start":{"line":364,"column":6},"end":{"line":367,"column":null}}]},"39":{"loc":{"start":{"line":364,"column":10},"end":{"line":364,"column":41}},"type":"binary-expr","locations":[{"start":{"line":364,"column":10},"end":{"line":364,"column":22}},{"start":{"line":364,"column":26},"end":{"line":364,"column":41}}]},"40":{"loc":{"start":{"line":365,"column":36},"end":{"line":365,"column":55}},"type":"binary-expr","locations":[{"start":{"line":365,"column":36},"end":{"line":365,"column":48}},{"start":{"line":365,"column":52},"end":{"line":365,"column":55}}]},"41":{"loc":{"start":{"line":365,"column":58},"end":{"line":365,"column":81}},"type":"binary-expr","locations":[{"start":{"line":365,"column":58},"end":{"line":365,"column":73}},{"start":{"line":365,"column":77},"end":{"line":365,"column":81}}]},"42":{"loc":{"start":{"line":366,"column":31},"end":{"line":366,"column":62}},"type":"binary-expr","locations":[{"start":{"line":366,"column":31},"end":{"line":366,"column":46}},{"start":{"line":366,"column":50},"end":{"line":366,"column":62}}]},"43":{"loc":{"start":{"line":368,"column":6},"end":{"line":372,"column":null}},"type":"if","locations":[{"start":{"line":368,"column":6},"end":{"line":372,"column":null}}]},"44":{"loc":{"start":{"line":373,"column":6},"end":{"line":378,"column":null}},"type":"if","locations":[{"start":{"line":373,"column":6},"end":{"line":378,"column":null}}]},"45":{"loc":{"start":{"line":377,"column":18},"end":{"line":377,"column":null}},"type":"cond-expr","locations":[{"start":{"line":377,"column":26},"end":{"line":377,"column":50}},{"start":{"line":377,"column":50},"end":{"line":377,"column":null}}]},"46":{"loc":{"start":{"line":387,"column":4},"end":{"line":390,"column":null}},"type":"if","locations":[{"start":{"line":387,"column":4},"end":{"line":390,"column":null}}]},"47":{"loc":{"start":{"line":391,"column":20},"end":{"line":391,"column":59}},"type":"binary-expr","locations":[{"start":{"line":391,"column":20},"end":{"line":391,"column":57}},{"start":{"line":391,"column":57},"end":{"line":391,"column":59}}]},"48":{"loc":{"start":{"line":398,"column":4},"end":{"line":398,"column":null}},"type":"if","locations":[{"start":{"line":398,"column":4},"end":{"line":398,"column":null}}]},"49":{"loc":{"start":{"line":398,"column":8},"end":{"line":398,"column":47}},"type":"binary-expr","locations":[{"start":{"line":398,"column":8},"end":{"line":398,"column":15}},{"start":{"line":398,"column":15},"end":{"line":398,"column":47}}]},"50":{"loc":{"start":{"line":409,"column":8},"end":{"line":411,"column":29}},"type":"binary-expr","locations":[{"start":{"line":409,"column":8},"end":{"line":409,"column":27}},{"start":{"line":410,"column":8},"end":{"line":411,"column":29}}]},"51":{"loc":{"start":{"line":419,"column":8},"end":{"line":419,"column":null}},"type":"if","locations":[{"start":{"line":419,"column":8},"end":{"line":419,"column":null}}]},"52":{"loc":{"start":{"line":419,"column":12},"end":{"line":419,"column":55}},"type":"binary-expr","locations":[{"start":{"line":419,"column":12},"end":{"line":419,"column":21}},{"start":{"line":419,"column":21},"end":{"line":419,"column":55}}]},"53":{"loc":{"start":{"line":441,"column":29},"end":{"line":441,"column":null}},"type":"cond-expr","locations":[{"start":{"line":441,"column":50},"end":{"line":441,"column":59}},{"start":{"line":441,"column":62},"end":{"line":441,"column":null}}]},"54":{"loc":{"start":{"line":452,"column":4},"end":{"line":459,"column":null}},"type":"if","locations":[{"start":{"line":452,"column":4},"end":{"line":459,"column":null}}]},"55":{"loc":{"start":{"line":452,"column":8},"end":{"line":452,"column":45}},"type":"binary-expr","locations":[{"start":{"line":452,"column":8},"end":{"line":452,"column":14}},{"start":{"line":452,"column":14},"end":{"line":452,"column":45}}]},"56":{"loc":{"start":{"line":469,"column":4},"end":{"line":469,"column":null}},"type":"if","locations":[{"start":{"line":469,"column":4},"end":{"line":469,"column":null}}]},"57":{"loc":{"start":{"line":469,"column":8},"end":{"line":469,"column":50}},"type":"binary-expr","locations":[{"start":{"line":469,"column":8},"end":{"line":469,"column":33}},{"start":{"line":469,"column":33},"end":{"line":469,"column":50}}]},"58":{"loc":{"start":{"line":497,"column":6},"end":{"line":499,"column":null}},"type":"if","locations":[{"start":{"line":497,"column":6},"end":{"line":499,"column":null}}]},"59":{"loc":{"start":{"line":497,"column":10},"end":{"line":497,"column":63}},"type":"binary-expr","locations":[{"start":{"line":497,"column":10},"end":{"line":497,"column":17}},{"start":{"line":497,"column":21},"end":{"line":497,"column":43}},{"start":{"line":497,"column":43},"end":{"line":497,"column":63}}]},"60":{"loc":{"start":{"line":502,"column":18},"end":{"line":502,"column":null}},"type":"cond-expr","locations":[{"start":{"line":502,"column":39},"end":{"line":502,"column":48}},{"start":{"line":502,"column":51},"end":{"line":502,"column":null}}]},"61":{"loc":{"start":{"line":505,"column":8},"end":{"line":507,"column":132}},"type":"cond-expr","locations":[{"start":{"line":506,"column":12},"end":{"line":506,"column":200}},{"start":{"line":507,"column":12},"end":{"line":507,"column":132}}]},"62":{"loc":{"start":{"line":527,"column":28},"end":{"line":527,"column":null}},"type":"cond-expr","locations":[{"start":{"line":527,"column":49},"end":{"line":527,"column":58}},{"start":{"line":527,"column":61},"end":{"line":527,"column":null}}]},"63":{"loc":{"start":{"line":545,"column":6},"end":{"line":545,"column":null}},"type":"if","locations":[{"start":{"line":545,"column":6},"end":{"line":545,"column":null}}]},"64":{"loc":{"start":{"line":547,"column":55},"end":{"line":547,"column":74}},"type":"binary-expr","locations":[{"start":{"line":547,"column":55},"end":{"line":547,"column":65}},{"start":{"line":547,"column":69},"end":{"line":547,"column":74}}]},"65":{"loc":{"start":{"line":550,"column":8},"end":{"line":552,"column":78}},"type":"cond-expr","locations":[{"start":{"line":551,"column":12},"end":{"line":551,"column":null}},{"start":{"line":552,"column":12},"end":{"line":552,"column":78}}]},"66":{"loc":{"start":{"line":552,"column":39},"end":{"line":552,"column":75}},"type":"cond-expr","locations":[{"start":{"line":552,"column":52},"end":{"line":552,"column":69}},{"start":{"line":552,"column":72},"end":{"line":552,"column":75}}]},"67":{"loc":{"start":{"line":570,"column":4},"end":{"line":570,"column":null}},"type":"if","locations":[{"start":{"line":570,"column":4},"end":{"line":570,"column":null}}]},"68":{"loc":{"start":{"line":570,"column":8},"end":{"line":570,"column":56}},"type":"binary-expr","locations":[{"start":{"line":570,"column":8},"end":{"line":570,"column":17}},{"start":{"line":570,"column":17},"end":{"line":570,"column":24}},{"start":{"line":570,"column":24},"end":{"line":570,"column":56}}]},"69":{"loc":{"start":{"line":583,"column":6},"end":{"line":583,"column":null}},"type":"if","locations":[{"start":{"line":583,"column":6},"end":{"line":583,"column":null}}]},"70":{"loc":{"start":{"line":583,"column":10},"end":{"line":583,"column":47}},"type":"binary-expr","locations":[{"start":{"line":583,"column":10},"end":{"line":583,"column":16}},{"start":{"line":583,"column":16},"end":{"line":583,"column":47}}]},"71":{"loc":{"start":{"line":601,"column":22},"end":{"line":601,"column":null}},"type":"binary-expr","locations":[{"start":{"line":601,"column":22},"end":{"line":601,"column":32}},{"start":{"line":601,"column":32},"end":{"line":601,"column":null}}]},"72":{"loc":{"start":{"line":606,"column":13},"end":{"line":608,"column":null}},"type":"cond-expr","locations":[{"start":{"line":607,"column":16},"end":{"line":607,"column":null}},{"start":{"line":608,"column":16},"end":{"line":608,"column":null}}]},"73":{"loc":{"start":{"line":617,"column":22},"end":{"line":617,"column":null}},"type":"binary-expr","locations":[{"start":{"line":617,"column":22},"end":{"line":617,"column":32}},{"start":{"line":617,"column":32},"end":{"line":617,"column":null}}]},"74":{"loc":{"start":{"line":628,"column":22},"end":{"line":628,"column":null}},"type":"binary-expr","locations":[{"start":{"line":628,"column":22},"end":{"line":628,"column":32}},{"start":{"line":628,"column":32},"end":{"line":628,"column":null}}]},"75":{"loc":{"start":{"line":639,"column":24},"end":{"line":639,"column":null}},"type":"binary-expr","locations":[{"start":{"line":639,"column":24},"end":{"line":639,"column":34}},{"start":{"line":639,"column":34},"end":{"line":639,"column":null}}]},"76":{"loc":{"start":{"line":645,"column":24},"end":{"line":645,"column":null}},"type":"binary-expr","locations":[{"start":{"line":645,"column":24},"end":{"line":645,"column":34}},{"start":{"line":645,"column":34},"end":{"line":645,"column":null}}]},"77":{"loc":{"start":{"line":658,"column":22},"end":{"line":658,"column":null}},"type":"binary-expr","locations":[{"start":{"line":658,"column":22},"end":{"line":658,"column":32}},{"start":{"line":658,"column":32},"end":{"line":658,"column":null}}]},"78":{"loc":{"start":{"line":676,"column":12},"end":{"line":680,"column":13}},"type":"cond-expr","locations":[{"start":{"line":676,"column":12},"end":{"line":680,"column":13}}]},"79":{"loc":{"start":{"line":686,"column":15},"end":{"line":686,"column":null}},"type":"cond-expr","locations":[{"start":{"line":686,"column":24},"end":{"line":686,"column":40}},{"start":{"line":686,"column":40},"end":{"line":686,"column":null}}]},"80":{"loc":{"start":{"line":707,"column":40},"end":{"line":707,"column":null}},"type":"binary-expr","locations":[{"start":{"line":707,"column":40},"end":{"line":707,"column":50}},{"start":{"line":707,"column":50},"end":{"line":707,"column":null}}]},"81":{"loc":{"start":{"line":710,"column":34},"end":{"line":710,"column":64}},"type":"cond-expr","locations":[{"start":{"line":710,"column":42},"end":{"line":710,"column":60}},{"start":{"line":710,"column":60},"end":{"line":710,"column":64}}]},"82":{"loc":{"start":{"line":712,"column":28},"end":{"line":712,"column":null}},"type":"cond-expr","locations":[{"start":{"line":712,"column":36},"end":{"line":712,"column":48}},{"start":{"line":712,"column":48},"end":{"line":712,"column":null}}]},"83":{"loc":{"start":{"line":714,"column":13},"end":{"line":714,"column":null}},"type":"cond-expr","locations":[{"start":{"line":714,"column":21},"end":{"line":714,"column":36}},{"start":{"line":714,"column":36},"end":{"line":714,"column":null}}]},"84":{"loc":{"start":{"line":719,"column":11},"end":{"line":726,"column":30}},"type":"cond-expr","locations":[{"start":{"line":720,"column":12},"end":{"line":725,"column":18}},{"start":{"line":725,"column":12},"end":{"line":726,"column":30}}]},"85":{"loc":{"start":{"line":727,"column":17},"end":{"line":727,"column":null}},"type":"cond-expr","locations":[{"start":{"line":727,"column":36},"end":{"line":727,"column":46}},{"start":{"line":727,"column":46},"end":{"line":727,"column":null}}]},"86":{"loc":{"start":{"line":727,"column":46},"end":{"line":727,"column":null}},"type":"cond-expr","locations":[{"start":{"line":727,"column":67},"end":{"line":727,"column":79}},{"start":{"line":727,"column":79},"end":{"line":727,"column":null}}]},"87":{"loc":{"start":{"line":744,"column":25},"end":{"line":744,"column":null}},"type":"cond-expr","locations":[{"start":{"line":744,"column":34},"end":{"line":744,"column":54}},{"start":{"line":744,"column":54},"end":{"line":744,"column":null}}]},"88":{"loc":{"start":{"line":748,"column":62},"end":{"line":748,"column":88}},"type":"binary-expr","locations":[{"start":{"line":748,"column":62},"end":{"line":748,"column":73}},{"start":{"line":748,"column":73},"end":{"line":748,"column":88}}]},"89":{"loc":{"start":{"line":761,"column":13},"end":{"line":765,"column":32}},"type":"cond-expr","locations":[{"start":{"line":762,"column":14},"end":{"line":764,"column":21}},{"start":{"line":764,"column":14},"end":{"line":765,"column":32}}]}},"s":{"0":16,"1":1,"2":1,"3":1,"4":1,"5":92,"6":14,"7":1,"8":13,"9":13,"10":13,"11":1,"12":107,"13":16,"14":16,"15":16,"16":16,"17":16,"18":16,"19":16,"20":0,"21":1,"22":1,"23":0,"24":1,"25":1,"26":0,"27":17,"28":15,"29":15,"30":15,"31":0,"32":17,"33":15,"34":17,"35":15,"36":15,"37":0,"38":0,"39":15,"40":4,"41":2,"42":0,"43":2,"44":2,"45":2,"46":2,"47":2,"48":5,"49":2,"50":2,"51":2,"52":2,"53":2,"54":2,"55":2,"56":2,"57":0,"58":16,"59":2,"60":2,"61":16,"62":16,"63":15,"64":15,"65":15,"66":15,"67":15,"68":15,"69":15,"70":15,"71":77,"72":77,"73":77,"74":77,"75":16,"76":77,"77":77,"78":77,"79":77,"80":77,"81":77,"82":77,"83":77,"84":77,"85":77,"86":77,"87":77,"88":77,"89":77,"90":77,"91":77,"92":77,"93":77,"94":16,"95":77,"96":39,"97":39,"98":39,"99":77,"100":85,"101":85,"102":77,"103":3,"104":3,"105":77,"106":5,"107":5,"108":5,"109":3,"110":3,"111":3,"112":3,"113":3,"114":3,"115":2,"116":2,"117":2,"118":2,"119":77,"120":11,"121":11,"122":0,"123":0,"124":11,"125":11,"126":5,"127":2,"128":2,"129":2,"130":2,"131":2,"132":0,"133":2,"134":2,"135":0,"136":0,"137":5,"138":2,"139":5,"140":1,"141":1,"142":5,"143":0,"144":11,"145":2,"146":2,"147":11,"148":1,"149":1,"150":1,"151":1,"152":11,"153":1,"154":1,"155":11,"156":1,"157":1,"158":1,"159":11,"160":1,"161":1,"162":1,"163":1,"164":77,"165":18,"166":18,"167":18,"168":1,"169":1,"170":18,"171":1,"172":18,"173":18,"174":77,"175":1,"176":1,"177":0,"178":1,"179":1,"180":1,"181":1,"182":1,"183":1,"184":1,"185":1,"186":1,"187":1,"188":1,"189":1,"190":0,"191":1,"192":1,"193":1,"194":1,"195":1,"196":1,"197":1,"198":1,"199":1,"200":1,"201":1,"202":0,"203":0,"204":0,"205":77,"206":1,"207":1,"208":1,"209":1,"210":1,"211":1,"212":1,"213":1,"214":1,"215":1,"216":1,"217":1,"218":1,"219":77,"220":15,"221":0,"222":15,"223":15,"224":15,"225":15,"226":15,"227":15,"228":15,"229":15,"230":15,"231":15,"232":15,"233":15,"234":15,"235":15,"236":15,"237":15,"238":1,"239":14,"240":1,"241":1,"242":1,"243":1,"244":1,"245":14,"246":14,"247":14,"248":14,"249":14,"250":14,"251":0,"252":0,"253":0,"254":0,"255":14,"256":14,"257":14,"258":14,"259":14,"260":14,"261":11,"262":14,"263":0,"264":0,"265":14,"266":1,"267":1,"268":1,"269":1,"270":1,"271":1,"272":77,"273":1,"274":1,"275":1,"276":0,"277":1,"278":1,"279":1,"280":1,"281":1,"282":1,"283":77,"284":16,"285":16,"286":16,"287":16,"288":12,"289":16,"290":77,"291":77,"292":1,"293":0,"294":0,"295":0,"296":0,"297":0,"298":0,"299":15,"300":1,"301":8,"302":1,"303":1,"304":1,"305":0,"306":238},"f":{"0":92,"1":14,"2":107,"3":16,"4":1,"5":17,"6":15,"7":4,"8":2,"9":0,"10":16,"11":15,"12":77,"13":16,"14":16,"15":39,"16":85,"17":85,"18":3,"19":3,"20":5,"21":3,"22":2,"23":2,"24":11,"25":18,"26":0,"27":1,"28":1,"29":1,"30":15,"31":15,"32":14,"33":11,"34":0,"35":1,"36":1,"37":16,"38":16,"39":1,"40":0,"41":0,"42":0,"43":0,"44":0,"45":0,"46":15,"47":1,"48":8,"49":1,"50":1,"51":0,"52":238},"b":{"0":[1],"1":[0,13],"2":[13,0],"3":[16],"4":[0],"5":[1],"6":[15],"7":[15,0],"8":[15],"9":[0],"10":[4,0],"11":[2],"12":[0],"13":[16,0],"14":[15],"15":[39],"16":[4,1],"17":[3],"18":[2,0],"19":[1,1],"20":[11,10],"21":[11,6],"22":[2],"23":[2,0],"24":[2,2],"25":[0],"26":[0,0],"27":[2],"28":[5,2],"29":[1],"30":[1,0],"31":[0],"32":[0,0],"33":[2],"34":[1,1],"35":[1],"36":[1,0],"37":[1],"38":[1],"39":[11,10],"40":[1,0],"41":[1,0],"42":[1,0],"43":[1],"44":[1],"45":[0,1],"46":[1],"47":[18,17],"48":[0],"49":[1,1],"50":[1,0],"51":[0],"52":[1,1],"53":[0,0],"54":[1],"55":[1,1],"56":[0],"57":[15,15],"58":[1],"59":[15,1,1],"60":[1,0],"61":[0,1],"62":[0,0],"63":[1],"64":[1,0],"65":[0,1],"66":[1,0],"67":[0],"68":[1,1,1],"69":[12],"70":[16,12],"71":[77,49],"72":[4,73],"73":[77,49],"74":[77,49],"75":[77,49],"76":[77,49],"77":[77,49],"78":[28],"79":[29,20],"80":[77,17],"81":[1,76],"82":[0,1],"83":[1,76],"84":[69,8],"85":[2,6],"86":[4,2],"87":[28,49],"88":[77,28],"89":[17,60]}}
,"/Users/cristian.angulo/projects/nietzscheson/awa/web/packages/app/src/lib/livePcm.ts": {"path":"/Users/cristian.angulo/projects/nietzscheson/awa/web/packages/app/src/lib/livePcm.ts","statementMap":{"0":{"start":{"line":11,"column":13},"end":{"line":11,"column":33}},"1":{"start":{"line":10,"column":13},"end":{"line":10,"column":34}},"2":{"start":{"line":21,"column":16},"end":{"line":21,"column":30}},"3":{"start":{"line":45,"column":16},"end":{"line":45,"column":null}},"4":{"start":{"line":34,"column":16},"end":{"line":34,"column":30}},"5":{"start":{"line":10,"column":34},"end":{"line":10,"column":null}},"6":{"start":{"line":11,"column":33},"end":{"line":11,"column":null}},"7":{"start":{"line":22,"column":10},"end":{"line":22,"column":null}},"8":{"start":{"line":23,"column":14},"end":{"line":23,"column":null}},"9":{"start":{"line":24,"column":2},"end":{"line":24,"column":null}},"10":{"start":{"line":24,"column":11},"end":{"line":24,"column":null}},"11":{"start":{"line":25,"column":14},"end":{"line":25,"column":null}},"12":{"start":{"line":26,"column":14},"end":{"line":26,"column":24}},"13":{"start":{"line":27,"column":16},"end":{"line":27,"column":null}},"14":{"start":{"line":28,"column":2},"end":{"line":28,"column":null}},"15":{"start":{"line":28,"column":15},"end":{"line":28,"column":18}},"16":{"start":{"line":28,"column":32},"end":{"line":28,"column":null}},"17":{"start":{"line":30,"column":2},"end":{"line":30,"column":null}},"18":{"start":{"line":35,"column":16},"end":{"line":35,"column":null}},"19":{"start":{"line":36,"column":12},"end":{"line":36,"column":null}},"20":{"start":{"line":37,"column":16},"end":{"line":37,"column":null}},"21":{"start":{"line":38,"column":2},"end":{"line":40,"column":null}},"22":{"start":{"line":38,"column":15},"end":{"line":38,"column":18}},"23":{"start":{"line":39,"column":4},"end":{"line":39,"column":null}},"24":{"start":{"line":41,"column":2},"end":{"line":41,"column":null}},"25":{"start":{"line":50,"column":16},"end":{"line":50,"column":null}},"26":{"start":{"line":51,"column":17},"end":{"line":51,"column":null}},"27":{"start":{"line":52,"column":14},"end":{"line":52,"column":null}},"28":{"start":{"line":53,"column":2},"end":{"line":66,"column":null}},"29":{"start":{"line":53,"column":15},"end":{"line":53,"column":18}},"30":{"start":{"line":55,"column":18},"end":{"line":55,"column":null}},"31":{"start":{"line":56,"column":16},"end":{"line":56,"column":null}},"32":{"start":{"line":57,"column":14},"end":{"line":57,"column":null}},"33":{"start":{"line":58,"column":12},"end":{"line":58,"column":null}},"34":{"start":{"line":59,"column":4},"end":{"line":62,"column":null}},"35":{"start":{"line":59,"column":17},"end":{"line":59,"column":24}},"36":{"start":{"line":60,"column":6},"end":{"line":60,"column":null}},"37":{"start":{"line":61,"column":6},"end":{"line":61,"column":null}},"38":{"start":{"line":63,"column":14},"end":{"line":63,"column":null}},"39":{"start":{"line":64,"column":20},"end":{"line":64,"column":null}},"40":{"start":{"line":65,"column":4},"end":{"line":65,"column":null}},"41":{"start":{"line":67,"column":2},"end":{"line":67,"column":null}}},"fnMap":{"0":{"name":"base64ToPcm16","decl":{"start":{"line":21,"column":16},"end":{"line":21,"column":30}},"loc":{"start":{"line":21,"column":41},"end":{"line":31,"column":null}}},"1":{"name":"pcm16ToBase64","decl":{"start":{"line":34,"column":16},"end":{"line":34,"column":30}},"loc":{"start":{"line":34,"column":45},"end":{"line":42,"column":null}}},"2":{"name":"floatToPcm16","decl":{"start":{"line":45,"column":16},"end":{"line":45,"column":null}},"loc":{"start":{"line":48,"column":16},"end":{"line":68,"column":null}}}},"branchMap":{"0":{"loc":{"start":{"line":24,"column":2},"end":{"line":24,"column":null}},"type":"if","locations":[{"start":{"line":24,"column":2},"end":{"line":24,"column":null}}]},"1":{"loc":{"start":{"line":63,"column":14},"end":{"line":63,"column":null}},"type":"cond-expr","locations":[{"start":{"line":63,"column":22},"end":{"line":63,"column":32}},{"start":{"line":63,"column":32},"end":{"line":63,"column":null}}]},"2":{"loc":{"start":{"line":63,"column":32},"end":{"line":63,"column":null}},"type":"binary-expr","locations":[{"start":{"line":63,"column":32},"end":{"line":63,"column":44}},{"start":{"line":63,"column":48},"end":{"line":63,"column":null}}]},"3":{"loc":{"start":{"line":65,"column":13},"end":{"line":65,"column":null}},"type":"cond-expr","locations":[{"start":{"line":65,"column":27},"end":{"line":65,"column":46}},{"start":{"line":65,"column":46},"end":{"line":65,"column":null}}]}},"s":{"0":4,"1":18,"2":9,"3":5,"4":4,"5":2,"6":2,"7":9,"8":9,"9":9,"10":3,"11":9,"12":9,"13":9,"14":9,"15":9,"16":400051,"17":9,"18":4,"19":4,"20":4,"21":4,"22":4,"23":16,"24":4,"25":5,"26":5,"27":5,"28":5,"29":5,"30":1594,"31":1594,"32":1594,"33":1594,"34":1594,"35":1594,"36":4207,"37":4207,"38":1594,"39":1594,"40":1594,"41":5},"f":{"0":9,"1":4,"2":5},"b":{"0":[3],"1":[1594,0],"2":[0,0],"3":[2,1592]}}
}
