TN:
SF:src/components/StreamingAgentClient.tsx
FN:59,isAbsolute
FN:64,buildLiveWsUrl
FN:81,uid
FN:85,readUserId
FN:99,toWsBase
FN:132,(anonymous_6)
FN:154,(anonymous_7)
FN:166,(anonymous_8)
FN:170,(anonymous_9)
FN:184,(anonymous_10)
FN:188,(anonymous_11)
FN:200,(anonymous_12)
FN:213,StreamingAgentClient
FN:217,(anonymous_15)
FN:240,(anonymous_16)
FN:244,(anonymous_17)
FN:249,(anonymous_18)
FN:250,(anonymous_19)
FN:255,(anonymous_20)
FN:256,(anonymous_21)
FN:261,(anonymous_22)
FN:268,(anonymous_23)
FN:272,(anonymous_24)
FN:273,(anonymous_25)
FN:284,(anonymous_26)
FN:384,(anonymous_27)
FN:388,(anonymous_28)
FN:396,(anonymous_29)
FN:417,(anonymous_30)
FN:448,(anonymous_31)
FN:468,(anonymous_32)
FN:480,(anonymous_33)
FN:534,(anonymous_34)
FN:539,(anonymous_35)
FN:540,(anonymous_36)
FN:544,(anonymous_37)
FN:567,(anonymous_38)
FN:579,(anonymous_39)
FN:580,(anonymous_40)
FN:600,(anonymous_41)
FN:616,(anonymous_42)
FN:627,(anonymous_43)
FN:638,(anonymous_44)
FN:646,(anonymous_45)
FN:657,(anonymous_46)
FN:669,(anonymous_47)
FN:684,(anonymous_48)
FN:712,(anonymous_49)
FN:725,(anonymous_50)
FN:736,(anonymous_51)
FN:743,(anonymous_52)
FN:756,(anonymous_53)
FN:764,(anonymous_54)
FNF:53
FNH:43
FNDA:92,isAbsolute
FNDA:14,buildLiveWsUrl
FNDA:107,uid
FNDA:16,readUserId
FNDA:1,toWsBase
FNDA:17,(anonymous_6)
FNDA:15,(anonymous_7)
FNDA:4,(anonymous_8)
FNDA:2,(anonymous_9)
FNDA:0,(anonymous_10)
FNDA:16,(anonymous_11)
FNDA:15,(anonymous_12)
FNDA:77,StreamingAgentClient
FNDA:16,(anonymous_15)
FNDA:16,(anonymous_16)
FNDA:39,(anonymous_17)
FNDA:85,(anonymous_18)
FNDA:85,(anonymous_19)
FNDA:3,(anonymous_20)
FNDA:3,(anonymous_21)
FNDA:5,(anonymous_22)
FNDA:3,(anonymous_23)
FNDA:2,(anonymous_24)
FNDA:2,(anonymous_25)
FNDA:11,(anonymous_26)
FNDA:18,(anonymous_27)
FNDA:0,(anonymous_28)
FNDA:1,(anonymous_29)
FNDA:1,(anonymous_30)
FNDA:1,(anonymous_31)
FNDA:15,(anonymous_32)
FNDA:15,(anonymous_33)
FNDA:14,(anonymous_34)
FNDA:11,(anonymous_35)
FNDA:0,(anonymous_36)
FNDA:1,(anonymous_37)
FNDA:1,(anonymous_38)
FNDA:16,(anonymous_39)
FNDA:16,(anonymous_40)
FNDA:1,(anonymous_41)
FNDA:0,(anonymous_42)
FNDA:0,(anonymous_43)
FNDA:0,(anonymous_44)
FNDA:0,(anonymous_45)
FNDA:0,(anonymous_46)
FNDA:0,(anonymous_47)
FNDA:15,(anonymous_48)
FNDA:1,(anonymous_49)
FNDA:8,(anonymous_50)
FNDA:1,(anonymous_51)
FNDA:1,(anonymous_52)
FNDA:0,(anonymous_53)
FNDA:238,(anonymous_54)
DA:9,1
DA:17,1
DA:55,1
DA:56,1
DA:60,92
DA:65,14
DA:66,1
DA:68,13
DA:69,13
DA:70,13
DA:79,1
DA:82,107
DA:86,16
DA:87,16
DA:88,16
DA:89,16
DA:90,16
DA:91,16
DA:93,16
DA:95,0
DA:100,1
DA:101,1
DA:102,1
DA:103,0
DA:128,15
DA:129,15
DA:130,15
DA:133,17
DA:135,15
DA:139,15
DA:140,15
DA:142,0
DA:145,17
DA:146,17
DA:155,15
DA:156,15
DA:157,0
DA:158,0
DA:163,15
DA:167,4
DA:171,2
DA:172,2
DA:173,2
DA:174,2
DA:175,5
DA:176,2
DA:177,2
DA:178,2
DA:180,2
DA:181,2
DA:182,2
DA:183,2
DA:184,2
DA:189,16
DA:190,2
DA:191,2
DA:196,16
DA:197,16
DA:201,15
DA:202,15
DA:203,15
DA:204,15
DA:208,15
DA:213,16
DA:214,77
DA:215,77
DA:216,77
DA:217,77
DA:218,77
DA:219,77
DA:221,77
DA:222,77
DA:223,77
DA:224,77
DA:225,77
DA:226,77
DA:228,77
DA:229,77
DA:230,77
DA:231,77
DA:232,77
DA:233,77
DA:236,77
DA:237,77
DA:238,77
DA:240,77
DA:241,16
DA:244,77
DA:245,39
DA:246,39
DA:249,77
DA:250,85
DA:251,85
DA:255,77
DA:256,3
DA:260,77
DA:262,5
DA:263,5
DA:264,5
DA:265,3
DA:266,3
DA:267,3
DA:268,3
DA:269,3
DA:271,2
DA:272,2
DA:273,2
DA:274,2
DA:283,77
DA:286,11
DA:287,11
DA:289,0
DA:290,0
DA:293,11
DA:294,11
DA:295,5
DA:296,2
DA:297,2
DA:298,2
DA:299,2
DA:301,2
DA:302,2
DA:303,2
DA:308,0
DA:311,0
DA:318,5
DA:319,2
DA:321,5
DA:322,1
DA:326,1
DA:328,5
DA:329,0
DA:340,11
DA:341,2
DA:346,2
DA:351,11
DA:352,1
DA:357,1
DA:361,1
DA:364,11
DA:365,1
DA:366,1
DA:368,11
DA:369,1
DA:370,1
DA:371,1
DA:373,11
DA:374,1
DA:375,1
DA:376,1
DA:377,1
DA:384,77
DA:385,18
DA:386,18
DA:387,18
DA:388,1
DA:389,1
DA:391,18
DA:392,18
DA:393,18
DA:396,77
DA:397,1
DA:398,1
DA:399,1
DA:400,1
DA:407,1
DA:409,1
DA:412,1
DA:413,1
DA:414,1
DA:415,1
DA:416,1
DA:417,1
DA:418,1
DA:419,1
DA:420,1
DA:421,1
DA:422,1
DA:431,1
DA:433,1
DA:434,1
DA:435,1
DA:436,1
DA:437,1
DA:438,1
DA:439,1
DA:441,0
DA:442,0
DA:443,0
DA:448,77
DA:449,1
DA:450,1
DA:451,1
DA:452,1
DA:453,1
DA:454,1
DA:458,1
DA:460,1
DA:461,1
DA:462,1
DA:463,1
DA:464,1
DA:465,1
DA:468,77
DA:469,15
DA:470,15
DA:471,15
DA:472,15
DA:473,15
DA:474,15
DA:478,15
DA:479,15
DA:480,15
DA:482,15
DA:483,15
DA:489,15
DA:490,15
DA:491,15
DA:492,15
DA:497,15
DA:498,1
DA:500,14
DA:502,1
DA:503,1
DA:504,1
DA:509,1
DA:510,1
DA:514,14
DA:518,14
DA:520,14
DA:521,14
DA:524,14
DA:525,14
DA:527,0
DA:528,0
DA:529,0
DA:530,0
DA:532,14
DA:534,14
DA:535,14
DA:536,14
DA:537,14
DA:539,14
DA:540,14
DA:541,0
DA:542,0
DA:544,14
DA:545,1
DA:546,1
DA:547,1
DA:548,1
DA:549,1
DA:567,77
DA:568,1
DA:569,1
DA:570,1
DA:571,1
DA:572,1
DA:573,1
DA:574,1
DA:575,1
DA:576,1
DA:579,77
DA:580,16
DA:581,16
DA:582,16
DA:583,16
DA:584,16
DA:588,77
DA:589,77
DA:600,1
DA:616,0
DA:627,0
DA:638,0
DA:646,0
DA:657,0
DA:669,0
DA:684,15
DA:712,1
DA:726,8
DA:737,1
DA:738,1
DA:743,1
DA:756,0
DA:765,238
LF:285
LH:259
BRDA:65,0,0,1
BRDA:68,1,0,0
BRDA:68,1,1,13
BRDA:69,2,0,13
BRDA:69,2,1,0
BRDA:89,3,0,16
BRDA:101,4,0,0
BRDA:102,5,0,1
BRDA:133,6,0,15
BRDA:135,7,0,15
BRDA:135,7,1,0
BRDA:145,8,0,15
BRDA:156,9,0,0
BRDA:167,10,0,4
BRDA:167,10,1,0
BRDA:170,11,0,2
BRDA:171,12,0,0
BRDA:197,13,0,16
BRDA:197,13,1,0
BRDA:202,14,0,15
BRDA:246,15,0,39
BRDA:262,16,0,4
BRDA:262,16,1,1
BRDA:264,17,0,3
BRDA:274,18,0,2
BRDA:274,18,1,0
BRDA:275,19,0,1
BRDA:275,19,1,1
BRDA:293,20,0,11
BRDA:293,20,1,10
BRDA:294,21,0,11
BRDA:294,21,1,6
BRDA:295,22,0,2
BRDA:296,23,0,2
BRDA:296,23,1,0
BRDA:296,24,0,2
BRDA:296,24,1,2
BRDA:301,25,0,0
BRDA:308,26,0,0
BRDA:308,26,1,0
BRDA:318,27,0,2
BRDA:318,28,0,5
BRDA:318,28,1,2
BRDA:321,29,0,1
BRDA:324,30,0,1
BRDA:324,30,1,0
BRDA:328,31,0,0
BRDA:332,32,0,0
BRDA:332,32,1,0
BRDA:340,33,0,2
BRDA:348,34,0,1
BRDA:348,34,1,1
BRDA:351,35,0,1
BRDA:359,36,0,1
BRDA:359,36,1,0
BRDA:361,37,0,1
BRDA:364,38,0,1
BRDA:364,39,0,11
BRDA:364,39,1,10
BRDA:365,40,0,1
BRDA:365,40,1,0
BRDA:365,41,0,1
BRDA:365,41,1,0
BRDA:366,42,0,1
BRDA:366,42,1,0
BRDA:368,43,0,1
BRDA:373,44,0,1
BRDA:377,45,0,0
BRDA:377,45,1,1
BRDA:387,46,0,1
BRDA:391,47,0,18
BRDA:391,47,1,17
BRDA:398,48,0,0
BRDA:398,49,0,1
BRDA:398,49,1,1
BRDA:409,50,0,1
BRDA:409,50,1,0
BRDA:419,51,0,0
BRDA:419,52,0,1
BRDA:419,52,1,1
BRDA:441,53,0,0
BRDA:441,53,1,0
BRDA:452,54,0,1
BRDA:452,55,0,1
BRDA:452,55,1,1
BRDA:469,56,0,0
BRDA:469,57,0,15
BRDA:469,57,1,15
BRDA:497,58,0,1
BRDA:497,59,0,15
BRDA:497,59,1,1
BRDA:497,59,2,1
BRDA:502,60,0,1
BRDA:502,60,1,0
BRDA:505,61,0,0
BRDA:505,61,1,1
BRDA:527,62,0,0
BRDA:527,62,1,0
BRDA:545,63,0,1
BRDA:547,64,0,1
BRDA:547,64,1,0
BRDA:550,65,0,0
BRDA:550,65,1,1
BRDA:552,66,0,1
BRDA:552,66,1,0
BRDA:570,67,0,0
BRDA:570,68,0,1
BRDA:570,68,1,1
BRDA:570,68,2,1
BRDA:583,69,0,12
BRDA:583,70,0,16
BRDA:583,70,1,12
BRDA:601,71,0,77
BRDA:601,71,1,49
BRDA:606,72,0,4
BRDA:606,72,1,73
BRDA:617,73,0,77
BRDA:617,73,1,49
BRDA:628,74,0,77
BRDA:628,74,1,49
BRDA:639,75,0,77
BRDA:639,75,1,49
BRDA:645,76,0,77
BRDA:645,76,1,49
BRDA:658,77,0,77
BRDA:658,77,1,49
BRDA:676,78,0,28
BRDA:686,79,0,29
BRDA:686,79,1,20
BRDA:707,80,0,77
BRDA:707,80,1,17
BRDA:710,81,0,1
BRDA:710,81,1,76
BRDA:712,82,0,0
BRDA:712,82,1,1
BRDA:714,83,0,1
BRDA:714,83,1,76
BRDA:719,84,0,69
BRDA:719,84,1,8
BRDA:727,85,0,2
BRDA:727,85,1,6
BRDA:727,86,0,4
BRDA:727,86,1,2
BRDA:744,87,0,28
BRDA:744,87,1,49
BRDA:748,88,0,77
BRDA:748,88,1,28
BRDA:761,89,0,17
BRDA:761,89,1,60
BRF:149
BRH:112
end_of_record
TN:
SF:src/lib/livePcm.ts
FN:21,base64ToPcm16
FN:34,pcm16ToBase64
FN:45,floatToPcm16
FNF:3
FNH:3
FNDA:9,base64ToPcm16
FNDA:4,pcm16ToBase64
FNDA:5,floatToPcm16
DA:10,18
DA:11,4
DA:21,9
DA:22,9
DA:23,9
DA:24,9
DA:25,9
DA:26,9
DA:27,9
DA:28,400051
DA:30,9
DA:34,4
DA:35,4
DA:36,4
DA:37,4
DA:38,4
DA:39,16
DA:41,4
DA:45,5
DA:50,5
DA:51,5
DA:52,5
DA:53,5
DA:55,1594
DA:56,1594
DA:57,1594
DA:58,1594
DA:59,1594
DA:60,4207
DA:61,4207
DA:63,1594
DA:64,1594
DA:65,1594
DA:67,5
LF:34
LH:34
BRDA:24,0,0,3
BRDA:63,1,0,1594
BRDA:63,1,1,0
BRDA:63,2,0,0
BRDA:63,2,1,0
BRDA:65,3,0,2
BRDA:65,3,1,1592
BRF:7
BRH:4
end_of_record
